mode: atomic
github.com/oskargbc/dws-event-service.git/configs/config.go:22.29,23.22 1 1
github.com/oskargbc/dws-event-service.git/configs/config.go:23.22,25.3 1 0
github.com/oskargbc/dws-event-service.git/configs/config.go:26.2,26.18 1 1
github.com/oskargbc/dws-event-service.git/configs/config.go:29.27,32.16 2 0
github.com/oskargbc/dws-event-service.git/configs/config.go:32.16,33.13 1 0
github.com/oskargbc/dws-event-service.git/configs/config.go:36.2,41.45 4 0
github.com/oskargbc/dws-event-service.git/configs/config.go:41.45,42.56 1 0
github.com/oskargbc/dws-event-service.git/configs/config.go:45.2,46.48 2 0
github.com/oskargbc/dws-event-service.git/configs/config.go:46.48,47.13 1 0
github.com/oskargbc/dws-event-service.git/configs/config.go:50.2,50.15 1 0
github.com/oskargbc/dws-event-service.git/configs/config.go:53.13,55.2 1 0
github.com/oskargbc/dws-event-service.git/internal/event/event.go:17.34,18.14 1 3
github.com/oskargbc/dws-event-service.git/internal/event/event.go:18.14,20.3 1 0
github.com/oskargbc/dws-event-service.git/internal/event/event.go:21.2,21.16 1 3
github.com/oskargbc/dws-event-service.git/internal/event/event.go:21.16,23.3 1 1
github.com/oskargbc/dws-event-service.git/internal/event/event.go:24.2,24.18 1 2
github.com/oskargbc/dws-event-service.git/internal/event/event.go:24.18,26.3 1 0
github.com/oskargbc/dws-event-service.git/internal/event/event.go:27.2,27.23 1 2
github.com/oskargbc/dws-event-service.git/internal/event/event.go:27.23,30.3 1 0
github.com/oskargbc/dws-event-service.git/internal/event/event.go:31.2,31.65 1 2
github.com/oskargbc/dws-event-service.git/internal/event/event.go:31.65,33.3 1 1
github.com/oskargbc/dws-event-service.git/internal/event/event.go:34.2,34.12 1 1
github.com/oskargbc/dws-event-service.git/internal/pkg/logger/logger.go:11.39,28.2 7 7
github.com/oskargbc/dws-event-service.git/internal/pkg/utils/jwt.go:20.43,26.16 4 2
github.com/oskargbc/dws-event-service.git/internal/pkg/utils/jwt.go:26.16,27.13 1 0
github.com/oskargbc/dws-event-service.git/internal/pkg/utils/jwt.go:29.2,29.14 1 2
github.com/oskargbc/dws-event-service.git/internal/pkg/utils/jwt.go:33.50,36.101 2 4
github.com/oskargbc/dws-event-service.git/internal/pkg/utils/jwt.go:36.101,37.58 1 3
github.com/oskargbc/dws-event-service.git/internal/pkg/utils/jwt.go:37.58,39.4 1 0
github.com/oskargbc/dws-event-service.git/internal/pkg/utils/jwt.go:40.3,40.43 1 3
github.com/oskargbc/dws-event-service.git/internal/pkg/utils/jwt.go:43.2,43.48 1 4
github.com/oskargbc/dws-event-service.git/internal/pkg/utils/jwt.go:43.48,45.5 1 3
github.com/oskargbc/dws-event-service.git/internal/pkg/utils/jwt.go:47.2,49.67 2 1
github.com/oskargbc/dws-event-service.git/internal/pkg/utils/jwt.go:49.67,51.3 1 0
github.com/oskargbc/dws-event-service.git/internal/pkg/utils/jwt.go:53.2,53.9 1 1
github.com/oskargbc/dws-event-service.git/internal/pkg/utils/jwt.go:53.9,55.3 1 0
github.com/oskargbc/dws-event-service.git/internal/pkg/utils/jwt.go:56.2,56.20 1 1
github.com/oskargbc/dws-event-service.git/internal/middlewares/auth.go:22.39,23.30 1 5
github.com/oskargbc/dws-event-service.git/internal/middlewares/auth.go:23.30,26.21 2 5
github.com/oskargbc/dws-event-service.git/internal/middlewares/auth.go:26.21,32.4 2 1
github.com/oskargbc/dws-event-service.git/internal/middlewares/auth.go:34.3,35.46 2 4
github.com/oskargbc/dws-event-service.git/internal/middlewares/auth.go:35.46,41.4 2 1
github.com/oskargbc/dws-event-service.git/internal/middlewares/auth.go:43.3,44.18 2 3
github.com/oskargbc/dws-event-service.git/internal/middlewares/auth.go:44.18,50.4 2 1
github.com/oskargbc/dws-event-service.git/internal/middlewares/auth.go:53.3,56.11 3 2
github.com/oskargbc/dws-event-service.git/internal/middlewares/auth.go:61.58,64.2 2 1
github.com/oskargbc/dws-event-service.git/internal/middlewares/auth.go:67.63,70.2 2 0
github.com/oskargbc/dws-event-service.git/internal/middlewares/errors.go:12.36,13.30 1 0
github.com/oskargbc/dws-event-service.git/internal/middlewares/errors.go:13.30,15.16 1 0
github.com/oskargbc/dws-event-service.git/internal/middlewares/errors.go:15.16,16.36 1 0
github.com/oskargbc/dws-event-service.git/internal/middlewares/errors.go:16.36,31.5 4 0
github.com/oskargbc/dws-event-service.git/internal/middlewares/errors.go:34.3,34.11 1 0
github.com/oskargbc/dws-event-service.git/internal/middlewares/jwt.go:12.28,14.32 1 0
github.com/oskargbc/dws-event-service.git/internal/middlewares/jwt.go:14.32,16.21 2 0
github.com/oskargbc/dws-event-service.git/internal/middlewares/jwt.go:16.21,20.4 3 0
github.com/oskargbc/dws-event-service.git/internal/middlewares/jwt.go:21.3,23.46 2 0
github.com/oskargbc/dws-event-service.git/internal/middlewares/jwt.go:23.46,27.4 3 0
github.com/oskargbc/dws-event-service.git/internal/middlewares/jwt.go:29.3,32.34 3 0
github.com/oskargbc/dws-event-service.git/internal/middlewares/jwt.go:32.34,36.4 3 0
github.com/oskargbc/dws-event-service.git/internal/middlewares/jwt.go:38.3,38.13 1 0
github.com/oskargbc/dws-event-service.git/internal/middlewares/keycloak_auth.go:53.83,58.19 2 0
github.com/oskargbc/dws-event-service.git/internal/middlewares/keycloak_auth.go:58.19,63.3 2 0
github.com/oskargbc/dws-event-service.git/internal/middlewares/keycloak_auth.go:65.2,66.16 2 0
github.com/oskargbc/dws-event-service.git/internal/middlewares/keycloak_auth.go:66.16,68.3 1 0
github.com/oskargbc/dws-event-service.git/internal/middlewares/keycloak_auth.go:69.2,71.38 2 0
github.com/oskargbc/dws-event-service.git/internal/middlewares/keycloak_auth.go:71.38,73.3 1 0
github.com/oskargbc/dws-event-service.git/internal/middlewares/keycloak_auth.go:75.2,76.64 2 0
github.com/oskargbc/dws-event-service.git/internal/middlewares/keycloak_auth.go:76.64,78.3 1 0
github.com/oskargbc/dws-event-service.git/internal/middlewares/keycloak_auth.go:80.2,81.29 2 0
github.com/oskargbc/dws-event-service.git/internal/middlewares/keycloak_auth.go:81.29,82.38 1 0
github.com/oskargbc/dws-event-service.git/internal/middlewares/keycloak_auth.go:82.38,83.12 1 0
github.com/oskargbc/dws-event-service.git/internal/middlewares/keycloak_auth.go:86.3,87.17 2 0
github.com/oskargbc/dws-event-service.git/internal/middlewares/keycloak_auth.go:87.17,89.12 1 0
github.com/oskargbc/dws-event-service.git/internal/middlewares/keycloak_auth.go:91.3,91.20 1 0
github.com/oskargbc/dws-event-service.git/internal/middlewares/keycloak_auth.go:94.2,94.20 1 0
github.com/oskargbc/dws-event-service.git/internal/middlewares/keycloak_auth.go:94.20,96.3 1 0
github.com/oskargbc/dws-event-service.git/internal/middlewares/keycloak_auth.go:98.2,98.18 1 0
github.com/oskargbc/dws-event-service.git/internal/middlewares/keycloak_auth.go:102.52,104.16 2 0
github.com/oskargbc/dws-event-service.git/internal/middlewares/keycloak_auth.go:104.16,106.3 1 0
github.com/oskargbc/dws-event-service.git/internal/middlewares/keycloak_auth.go:108.2,109.16 2 0
github.com/oskargbc/dws-event-service.git/internal/middlewares/keycloak_auth.go:109.16,111.3 1 0
github.com/oskargbc/dws-event-service.git/internal/middlewares/keycloak_auth.go:114.2,115.23 2 0
github.com/oskargbc/dws-event-service.git/internal/middlewares/keycloak_auth.go:115.23,117.3 1 0
github.com/oskargbc/dws-event-service.git/internal/middlewares/keycloak_auth.go:118.2,118.12 1 0
github.com/oskargbc/dws-event-service.git/internal/middlewares/keycloak_auth.go:118.12,120.3 1 0
github.com/oskargbc/dws-event-service.git/internal/middlewares/keycloak_auth.go:122.2,123.40 2 0
github.com/oskargbc/dws-event-service.git/internal/middlewares/keycloak_auth.go:128.47,130.50 1 0
github.com/oskargbc/dws-event-service.git/internal/middlewares/keycloak_auth.go:130.50,131.31 1 0
github.com/oskargbc/dws-event-service.git/internal/middlewares/keycloak_auth.go:131.31,133.4 1 0
github.com/oskargbc/dws-event-service.git/internal/middlewares/keycloak_auth.go:135.2,139.18 4 0
github.com/oskargbc/dws-event-service.git/internal/middlewares/keycloak_auth.go:139.18,141.49 1 0
github.com/oskargbc/dws-event-service.git/internal/middlewares/keycloak_auth.go:146.2,155.65 4 0
github.com/oskargbc/dws-event-service.git/internal/middlewares/keycloak_auth.go:155.65,157.35 2 0
github.com/oskargbc/dws-event-service.git/internal/middlewares/keycloak_auth.go:157.35,160.4 2 0
github.com/oskargbc/dws-event-service.git/internal/middlewares/keycloak_auth.go:161.3,164.17 3 0
github.com/oskargbc/dws-event-service.git/internal/middlewares/keycloak_auth.go:164.17,166.4 1 0
github.com/oskargbc/dws-event-service.git/internal/middlewares/keycloak_auth.go:168.3,169.26 2 0
github.com/oskargbc/dws-event-service.git/internal/middlewares/keycloak_auth.go:169.26,171.4 1 0
github.com/oskargbc/dws-event-service.git/internal/middlewares/keycloak_auth.go:172.3,175.17 3 0
github.com/oskargbc/dws-event-service.git/internal/middlewares/keycloak_auth.go:175.17,177.4 1 0
github.com/oskargbc/dws-event-service.git/internal/middlewares/keycloak_auth.go:179.3,179.18 1 0
github.com/oskargbc/dws-event-service.git/internal/middlewares/keycloak_auth.go:182.2,182.30 1 0
github.com/oskargbc/dws-event-service.git/internal/middlewares/keycloak_auth.go:182.30,186.23 3 0
github.com/oskargbc/dws-event-service.git/internal/middlewares/keycloak_auth.go:186.23,193.4 3 0
github.com/oskargbc/dws-event-service.git/internal/middlewares/keycloak_auth.go:195.3,196.64 2 0
github.com/oskargbc/dws-event-service.git/internal/middlewares/keycloak_auth.go:196.64,203.4 3 0
github.com/oskargbc/dws-event-service.git/internal/middlewares/keycloak_auth.go:205.3,206.21 2 0
github.com/oskargbc/dws-event-service.git/internal/middlewares/keycloak_auth.go:206.21,213.4 3 0
github.com/oskargbc/dws-event-service.git/internal/middlewares/keycloak_auth.go:215.3,215.110 1 0
github.com/oskargbc/dws-event-service.git/internal/middlewares/keycloak_auth.go:215.110,217.58 1 0
github.com/oskargbc/dws-event-service.git/internal/middlewares/keycloak_auth.go:217.58,219.5 1 0
github.com/oskargbc/dws-event-service.git/internal/middlewares/keycloak_auth.go:221.4,222.17 2 0
github.com/oskargbc/dws-event-service.git/internal/middlewares/keycloak_auth.go:222.17,224.5 1 0
github.com/oskargbc/dws-event-service.git/internal/middlewares/keycloak_auth.go:226.4,227.34 2 0
github.com/oskargbc/dws-event-service.git/internal/middlewares/keycloak_auth.go:229.3,229.17 1 0
github.com/oskargbc/dws-event-service.git/internal/middlewares/keycloak_auth.go:229.17,237.4 3 0
github.com/oskargbc/dws-event-service.git/internal/middlewares/keycloak_auth.go:238.3,238.19 1 0
github.com/oskargbc/dws-event-service.git/internal/middlewares/keycloak_auth.go:238.19,245.4 3 0
github.com/oskargbc/dws-event-service.git/internal/middlewares/keycloak_auth.go:247.3,248.10 2 0
github.com/oskargbc/dws-event-service.git/internal/middlewares/keycloak_auth.go:248.10,255.4 3 0
github.com/oskargbc/dws-event-service.git/internal/middlewares/keycloak_auth.go:257.3,262.62 3 0
github.com/oskargbc/dws-event-service.git/internal/middlewares/keycloak_auth.go:262.62,269.4 3 0
github.com/oskargbc/dws-event-service.git/internal/middlewares/keycloak_auth.go:270.3,270.61 1 0
github.com/oskargbc/dws-event-service.git/internal/middlewares/keycloak_auth.go:270.61,277.4 3 0
github.com/oskargbc/dws-event-service.git/internal/middlewares/keycloak_auth.go:279.3,279.69 1 0
github.com/oskargbc/dws-event-service.git/internal/middlewares/keycloak_auth.go:279.69,287.4 3 0
github.com/oskargbc/dws-event-service.git/internal/middlewares/keycloak_auth.go:292.3,292.21 1 0
github.com/oskargbc/dws-event-service.git/internal/middlewares/keycloak_auth.go:292.21,294.32 2 0
github.com/oskargbc/dws-event-service.git/internal/middlewares/keycloak_auth.go:294.32,295.41 1 0
github.com/oskargbc/dws-event-service.git/internal/middlewares/keycloak_auth.go:295.41,296.25 1 0
github.com/oskargbc/dws-event-service.git/internal/middlewares/keycloak_auth.go:296.25,298.12 2 0
github.com/oskargbc/dws-event-service.git/internal/middlewares/keycloak_auth.go:301.5,302.47 1 0
github.com/oskargbc/dws-event-service.git/internal/middlewares/keycloak_auth.go:308.4,308.42 1 0
github.com/oskargbc/dws-event-service.git/internal/middlewares/keycloak_auth.go:308.42,309.31 1 0
github.com/oskargbc/dws-event-service.git/internal/middlewares/keycloak_auth.go:309.31,312.6 2 0
github.com/oskargbc/dws-event-service.git/internal/middlewares/keycloak_auth.go:312.11,314.6 1 0
github.com/oskargbc/dws-event-service.git/internal/middlewares/keycloak_auth.go:317.4,317.22 1 0
github.com/oskargbc/dws-event-service.git/internal/middlewares/keycloak_auth.go:317.22,326.5 3 0
github.com/oskargbc/dws-event-service.git/internal/middlewares/keycloak_auth.go:329.3,330.20 2 0
github.com/oskargbc/dws-event-service.git/internal/middlewares/keycloak_auth.go:330.20,337.4 3 0
github.com/oskargbc/dws-event-service.git/internal/middlewares/keycloak_auth.go:339.3,343.40 3 0
github.com/oskargbc/dws-event-service.git/internal/middlewares/keycloak_auth.go:343.40,345.4 1 0
github.com/oskargbc/dws-event-service.git/internal/middlewares/keycloak_auth.go:346.3,348.11 2 0
github.com/oskargbc/dws-event-service.git/internal/middlewares/keycloak_auth.go:354.55,355.30 1 0
github.com/oskargbc/dws-event-service.git/internal/middlewares/keycloak_auth.go:355.30,359.29 3 0
github.com/oskargbc/dws-event-service.git/internal/middlewares/keycloak_auth.go:359.29,366.4 3 0
github.com/oskargbc/dws-event-service.git/internal/middlewares/keycloak_auth.go:368.3,368.27 1 0
github.com/oskargbc/dws-event-service.git/internal/middlewares/keycloak_auth.go:368.27,369.25 1 0
github.com/oskargbc/dws-event-service.git/internal/middlewares/keycloak_auth.go:369.25,373.5 2 0
github.com/oskargbc/dws-event-service.git/internal/middlewares/keycloak_auth.go:376.3,380.5 2 0
github.com/oskargbc/dws-event-service.git/internal/controllers/health/controller.go:22.34,28.2 2 0
github.com/oskargbc/dws-event-service.git/internal/controllers/health/controller.go:32.44,39.2 1 1
github.com/oskargbc/dws-event-service.git/internal/controllers/health/controller.go:43.45,52.73 6 0
github.com/oskargbc/dws-event-service.git/internal/controllers/health/controller.go:52.73,53.52 1 0
github.com/oskargbc/dws-event-service.git/internal/controllers/health/controller.go:53.52,66.4 2 0
github.com/oskargbc/dws-event-service.git/internal/controllers/health/controller.go:67.3,67.18 1 0
github.com/oskargbc/dws-event-service.git/internal/controllers/health/controller.go:69.2,72.32 2 0
github.com/oskargbc/dws-event-service.git/internal/controllers/health/controller.go:72.32,74.87 2 0
github.com/oskargbc/dws-event-service.git/internal/controllers/health/controller.go:74.87,75.59 1 0
github.com/oskargbc/dws-event-service.git/internal/controllers/health/controller.go:75.59,88.5 2 0
github.com/oskargbc/dws-event-service.git/internal/controllers/health/controller.go:89.4,89.25 1 0
github.com/oskargbc/dws-event-service.git/internal/controllers/health/controller.go:91.3,91.55 1 0
github.com/oskargbc/dws-event-service.git/internal/controllers/health/controller.go:94.2,100.4 1 0
github.com/oskargbc/dws-event-service.git/internal/controllers/health/controller.go:104.44,114.2 1 1
github.com/oskargbc/dws-event-service.git/internal/controllers/events/controller.go:19.34,23.2 1 0
github.com/oskargbc/dws-event-service.git/internal/controllers/events/controller.go:33.49,37.16 3 0
github.com/oskargbc/dws-event-service.git/internal/controllers/events/controller.go:37.16,43.3 2 0
github.com/oskargbc/dws-event-service.git/internal/controllers/events/controller.go:45.2,45.31 1 0
github.com/oskargbc/dws-event-service.git/internal/controllers/events/controller.go:57.52,64.16 4 0
github.com/oskargbc/dws-event-service.git/internal/controllers/events/controller.go:64.16,70.3 2 0
github.com/oskargbc/dws-event-service.git/internal/controllers/events/controller.go:72.2,72.30 1 0
github.com/oskargbc/dws-event-service.git/internal/controllers/events/controller.go:102.51,106.47 3 2
github.com/oskargbc/dws-event-service.git/internal/controllers/events/controller.go:106.47,112.3 2 2
github.com/oskargbc/dws-event-service.git/internal/controllers/events/controller.go:114.2,127.16 2 0
github.com/oskargbc/dws-event-service.git/internal/controllers/events/controller.go:127.16,133.3 2 0
github.com/oskargbc/dws-event-service.git/internal/controllers/events/controller.go:135.2,135.35 1 0
github.com/oskargbc/dws-event-service.git/internal/pkg/metrics/metrics.go:61.63,62.30 1 4
github.com/oskargbc/dws-event-service.git/internal/pkg/metrics/metrics.go:62.30,84.3 6 9
github.com/oskargbc/dws-event-service.git/internal/router/middleware.go:10.39,12.2 1 0
github.com/oskargbc/dws-event-service.git/internal/router/middleware.go:16.44,17.30 1 0
github.com/oskargbc/dws-event-service.git/internal/router/middleware.go:17.30,22.20 2 0
github.com/oskargbc/dws-event-service.git/internal/router/middleware.go:22.20,24.4 1 0
github.com/oskargbc/dws-event-service.git/internal/router/middleware.go:26.3,26.11 1 0
github.com/oskargbc/dws-event-service.git/internal/router/router.go:18.44,32.34 6 0
github.com/oskargbc/dws-event-service.git/internal/router/router.go:32.34,38.36 5 0
github.com/oskargbc/dws-event-service.git/internal/router/router.go:38.36,41.4 2 0
github.com/oskargbc/dws-event-service.git/internal/router/router.go:43.3,43.11 1 0
github.com/oskargbc/dws-event-service.git/internal/router/router.go:46.2,78.2 14 0
github.com/oskargbc/dws-event-service.git/internal/router/router.go:78.2,84.3 4 0
github.com/oskargbc/dws-event-service.git/internal/router/router.go:86.2,86.15 1 0
