mode: atomic
github.com/oskargbc/dws-event-service.git/main.go:14.13,16.2 1 0
github.com/oskargbc/dws-event-service.git/configs/config.go:22.29,23.22 1 1
github.com/oskargbc/dws-event-service.git/configs/config.go:23.22,25.3 1 0
github.com/oskargbc/dws-event-service.git/configs/config.go:26.2,26.18 1 1
github.com/oskargbc/dws-event-service.git/configs/config.go:29.27,32.16 2 0
github.com/oskargbc/dws-event-service.git/configs/config.go:32.16,33.13 1 0
github.com/oskargbc/dws-event-service.git/configs/config.go:36.2,41.45 4 0
github.com/oskargbc/dws-event-service.git/configs/config.go:41.45,42.56 1 0
github.com/oskargbc/dws-event-service.git/configs/config.go:45.2,46.48 2 0
github.com/oskargbc/dws-event-service.git/configs/config.go:46.48,47.13 1 0
github.com/oskargbc/dws-event-service.git/configs/config.go:50.2,50.15 1 0
github.com/oskargbc/dws-event-service.git/configs/config.go:53.13,55.2 1 0
github.com/oskargbc/dws-event-service.git/cmd/root.go:19.13,24.23 4 0
github.com/oskargbc/dws-event-service.git/cmd/root.go:24.23,26.3 1 0
github.com/oskargbc/dws-event-service.git/cmd/root.go:28.2,29.23 2 0
github.com/oskargbc/dws-event-service.git/cmd/root.go:29.23,31.3 1 0
github.com/oskargbc/dws-event-service.git/cmd/root.go:33.2,34.30 2 0
github.com/oskargbc/dws-event-service.git/cmd/root.go:34.30,36.3 1 0
github.com/oskargbc/dws-event-service.git/cmd/root.go:38.2,41.56 4 0
github.com/oskargbc/dws-event-service.git/cmd/root.go:41.56,44.3 1 0
github.com/oskargbc/dws-event-service.git/cmd/root.go:46.2,47.32 2 0
github.com/oskargbc/dws-event-service.git/cmd/root.go:52.27,55.42 2 0
github.com/oskargbc/dws-event-service.git/cmd/root.go:55.42,57.3 1 0
github.com/oskargbc/dws-event-service.git/cmd/server.go:25.48,27.4 1 0
github.com/oskargbc/dws-event-service.git/cmd/server.go:31.12,40.32 5 0
github.com/oskargbc/dws-event-service.git/cmd/server.go:40.32,42.29 2 0
github.com/oskargbc/dws-event-service.git/cmd/server.go:42.29,44.4 1 0
github.com/oskargbc/dws-event-service.git/cmd/server.go:48.2,52.51 4 0
github.com/oskargbc/dws-event-service.git/cmd/server.go:52.51,54.3 1 0
github.com/oskargbc/dws-event-service.git/cmd/server.go:55.2,58.58 2 0
github.com/oskargbc/dws-event-service.git/cmd/server.go:58.58,59.58 1 0
github.com/oskargbc/dws-event-service.git/cmd/server.go:59.58,61.4 1 0
github.com/oskargbc/dws-event-service.git/cmd/server.go:62.3,62.61 1 0
github.com/oskargbc/dws-event-service.git/cmd/server.go:65.2,73.12 4 0
github.com/oskargbc/dws-event-service.git/cmd/server.go:73.12,74.80 1 0
github.com/oskargbc/dws-event-service.git/cmd/server.go:74.80,76.4 1 0
github.com/oskargbc/dws-event-service.git/cmd/server.go:79.2,86.53 7 0
github.com/oskargbc/dws-event-service.git/cmd/server.go:86.53,88.3 1 0
github.com/oskargbc/dws-event-service.git/cmd/server.go:89.2,89.34 1 0
github.com/oskargbc/dws-event-service.git/cmd/version.go:14.47,18.24 3 0
github.com/oskargbc/dws-event-service.git/cmd/version.go:18.24,20.4 1 0
github.com/oskargbc/dws-event-service.git/cmd/version.go:22.3,23.20 2 0
github.com/oskargbc/dws-event-service.git/cmd/version.go:23.20,25.4 1 0
github.com/oskargbc/dws-event-service.git/cmd/version.go:27.3,27.55 1 0
github.com/oskargbc/dws-event-service.git/docs/docs.go:204.13,206.2 1 0
github.com/oskargbc/dws-event-service.git/internal/controllers/controller.go:5.60,7.2 1 0
github.com/oskargbc/dws-event-service.git/prisma/db/db_gen.go:158.69,160.33 2 0
github.com/oskargbc/dws-event-service.git/prisma/db/db_gen.go:160.33,162.3 1 0
github.com/oskargbc/dws-event-service.git/prisma/db/db_gen.go:164.2,168.15 3 0
github.com/oskargbc/dws-event-service.git/prisma/db/db_gen.go:168.15,170.16 2 0
github.com/oskargbc/dws-event-service.git/prisma/db/db_gen.go:170.16,173.17 2 0
github.com/oskargbc/dws-event-service.git/prisma/db/db_gen.go:173.17,176.5 1 0
github.com/oskargbc/dws-event-service.git/prisma/db/db_gen.go:180.2,184.10 3 0
github.com/oskargbc/dws-event-service.git/prisma/db/db_gen.go:191.56,192.36 1 0
github.com/oskargbc/dws-event-service.git/prisma/db/db_gen.go:192.36,194.3 1 0
github.com/oskargbc/dws-event-service.git/prisma/db/db_gen.go:197.68,203.2 4 0
github.com/oskargbc/dws-event-service.git/prisma/db/db_gen.go:205.32,215.2 5 0
github.com/oskargbc/dws-event-service.git/prisma/db/db_gen.go:318.88,320.2 1 0
github.com/oskargbc/dws-event-service.git/prisma/db/db_gen.go:374.59,392.2 6 0
github.com/oskargbc/dws-event-service.git/prisma/db/db_gen.go:411.83,416.2 1 0
github.com/oskargbc/dws-event-service.git/prisma/db/db_gen.go:423.55,428.2 1 0
github.com/oskargbc/dws-event-service.git/prisma/db/db_gen.go:430.61,435.2 1 0
github.com/oskargbc/dws-event-service.git/prisma/db/db_gen.go:437.47,442.2 1 0
github.com/oskargbc/dws-event-service.git/prisma/db/db_gen.go:453.71,458.2 1 0
github.com/oskargbc/dws-event-service.git/prisma/db/db_gen.go:465.47,470.2 1 0
github.com/oskargbc/dws-event-service.git/prisma/db/db_gen.go:472.53,477.2 1 0
github.com/oskargbc/dws-event-service.git/prisma/db/db_gen.go:479.43,484.2 1 0
github.com/oskargbc/dws-event-service.git/prisma/db/db_gen.go:519.55,520.40 1 0
github.com/oskargbc/dws-event-service.git/prisma/db/db_gen.go:520.40,521.84 1 0
github.com/oskargbc/dws-event-service.git/prisma/db/db_gen.go:523.2,523.36 1 0
github.com/oskargbc/dws-event-service.git/prisma/db/db_gen.go:573.57,574.39 1 0
github.com/oskargbc/dws-event-service.git/prisma/db/db_gen.go:574.39,575.87 1 0
github.com/oskargbc/dws-event-service.git/prisma/db/db_gen.go:577.2,577.35 1 0
github.com/oskargbc/dws-event-service.git/prisma/db/db_gen.go:622.80,625.27 2 0
github.com/oskargbc/dws-event-service.git/prisma/db/db_gen.go:625.27,627.3 1 0
github.com/oskargbc/dws-event-service.git/prisma/db/db_gen.go:629.2,636.3 1 0
github.com/oskargbc/dws-event-service.git/prisma/db/db_gen.go:639.79,642.27 2 0
github.com/oskargbc/dws-event-service.git/prisma/db/db_gen.go:642.27,644.3 1 0
github.com/oskargbc/dws-event-service.git/prisma/db/db_gen.go:646.2,653.3 1 0
github.com/oskargbc/dws-event-service.git/prisma/db/db_gen.go:656.80,659.27 2 0
github.com/oskargbc/dws-event-service.git/prisma/db/db_gen.go:659.27,661.3 1 0
github.com/oskargbc/dws-event-service.git/prisma/db/db_gen.go:663.2,670.3 1 0
github.com/oskargbc/dws-event-service.git/prisma/db/db_gen.go:677.69,686.2 1 0
github.com/oskargbc/dws-event-service.git/prisma/db/db_gen.go:689.79,690.18 1 0
github.com/oskargbc/dws-event-service.git/prisma/db/db_gen.go:690.18,692.3 1 0
github.com/oskargbc/dws-event-service.git/prisma/db/db_gen.go:694.2,694.22 1 0
github.com/oskargbc/dws-event-service.git/prisma/db/db_gen.go:697.93,710.2 1 0
github.com/oskargbc/dws-event-service.git/prisma/db/db_gen.go:712.103,713.18 1 0
github.com/oskargbc/dws-event-service.git/prisma/db/db_gen.go:713.18,715.3 1 0
github.com/oskargbc/dws-event-service.git/prisma/db/db_gen.go:716.2,716.25 1 0
github.com/oskargbc/dws-event-service.git/prisma/db/db_gen.go:719.82,726.2 1 0
github.com/oskargbc/dws-event-service.git/prisma/db/db_gen.go:728.76,735.2 1 0
github.com/oskargbc/dws-event-service.git/prisma/db/db_gen.go:737.73,749.2 1 0
github.com/oskargbc/dws-event-service.git/prisma/db/db_gen.go:751.82,752.18 1 0
github.com/oskargbc/dws-event-service.git/prisma/db/db_gen.go:752.18,754.3 1 0
github.com/oskargbc/dws-event-service.git/prisma/db/db_gen.go:755.2,755.20 1 0
github.com/oskargbc/dws-event-service.git/prisma/db/db_gen.go:758.76,770.2 1 0
github.com/oskargbc/dws-event-service.git/prisma/db/db_gen.go:772.85,773.18 1 0
github.com/oskargbc/dws-event-service.git/prisma/db/db_gen.go:773.18,775.3 1 0
github.com/oskargbc/dws-event-service.git/prisma/db/db_gen.go:776.2,776.23 1 0
github.com/oskargbc/dws-event-service.git/prisma/db/db_gen.go:779.71,791.2 1 0
github.com/oskargbc/dws-event-service.git/prisma/db/db_gen.go:793.81,794.18 1 0
github.com/oskargbc/dws-event-service.git/prisma/db/db_gen.go:794.18,796.3 1 0
github.com/oskargbc/dws-event-service.git/prisma/db/db_gen.go:797.2,797.21 1 0
github.com/oskargbc/dws-event-service.git/prisma/db/db_gen.go:800.72,812.2 1 0
github.com/oskargbc/dws-event-service.git/prisma/db/db_gen.go:814.82,815.18 1 0
github.com/oskargbc/dws-event-service.git/prisma/db/db_gen.go:815.18,817.3 1 0
github.com/oskargbc/dws-event-service.git/prisma/db/db_gen.go:818.2,818.22 1 0
github.com/oskargbc/dws-event-service.git/prisma/db/db_gen.go:821.71,833.2 1 0
github.com/oskargbc/dws-event-service.git/prisma/db/db_gen.go:835.81,836.18 1 0
github.com/oskargbc/dws-event-service.git/prisma/db/db_gen.go:836.18,838.3 1 0
github.com/oskargbc/dws-event-service.git/prisma/db/db_gen.go:839.2,839.21 1 0
github.com/oskargbc/dws-event-service.git/prisma/db/db_gen.go:842.72,854.2 1 0
github.com/oskargbc/dws-event-service.git/prisma/db/db_gen.go:856.82,857.18 1 0
github.com/oskargbc/dws-event-service.git/prisma/db/db_gen.go:857.18,859.3 1 0
github.com/oskargbc/dws-event-service.git/prisma/db/db_gen.go:860.2,860.22 1 0
github.com/oskargbc/dws-event-service.git/prisma/db/db_gen.go:863.77,875.2 1 0
github.com/oskargbc/dws-event-service.git/prisma/db/db_gen.go:877.87,878.18 1 0
github.com/oskargbc/dws-event-service.git/prisma/db/db_gen.go:878.18,880.3 1 0
github.com/oskargbc/dws-event-service.git/prisma/db/db_gen.go:881.2,881.27 1 0
github.com/oskargbc/dws-event-service.git/prisma/db/db_gen.go:884.79,896.2 1 0
github.com/oskargbc/dws-event-service.git/prisma/db/db_gen.go:898.89,899.18 1 0
github.com/oskargbc/dws-event-service.git/prisma/db/db_gen.go:899.18,901.3 1 0
github.com/oskargbc/dws-event-service.git/prisma/db/db_gen.go:902.2,902.29 1 0
github.com/oskargbc/dws-event-service.git/prisma/db/db_gen.go:905.77,917.2 1 0
github.com/oskargbc/dws-event-service.git/prisma/db/db_gen.go:919.87,920.18 1 0
github.com/oskargbc/dws-event-service.git/prisma/db/db_gen.go:920.18,922.3 1 0
github.com/oskargbc/dws-event-service.git/prisma/db/db_gen.go:923.2,923.27 1 0
github.com/oskargbc/dws-event-service.git/prisma/db/db_gen.go:926.76,938.2 1 0
github.com/oskargbc/dws-event-service.git/prisma/db/db_gen.go:940.86,941.18 1 0
github.com/oskargbc/dws-event-service.git/prisma/db/db_gen.go:941.18,943.3 1 0
github.com/oskargbc/dws-event-service.git/prisma/db/db_gen.go:944.2,944.23 1 0
github.com/oskargbc/dws-event-service.git/prisma/db/db_gen.go:947.72,959.2 1 0
github.com/oskargbc/dws-event-service.git/prisma/db/db_gen.go:961.82,962.18 1 0
github.com/oskargbc/dws-event-service.git/prisma/db/db_gen.go:962.18,964.3 1 0
github.com/oskargbc/dws-event-service.git/prisma/db/db_gen.go:965.2,965.22 1 0
github.com/oskargbc/dws-event-service.git/prisma/db/db_gen.go:970.78,982.2 1 0
github.com/oskargbc/dws-event-service.git/prisma/db/db_gen.go:985.88,986.18 1 0
github.com/oskargbc/dws-event-service.git/prisma/db/db_gen.go:986.18,988.3 1 0
github.com/oskargbc/dws-event-service.git/prisma/db/db_gen.go:989.2,989.28 1 0
github.com/oskargbc/dws-event-service.git/prisma/db/db_gen.go:994.78,1006.2 1 0
github.com/oskargbc/dws-event-service.git/prisma/db/db_gen.go:1009.88,1010.18 1 0
github.com/oskargbc/dws-event-service.git/prisma/db/db_gen.go:1010.18,1012.3 1 0
github.com/oskargbc/dws-event-service.git/prisma/db/db_gen.go:1013.2,1013.28 1 0
github.com/oskargbc/dws-event-service.git/prisma/db/db_gen.go:1016.63,1018.2 1 0
github.com/oskargbc/dws-event-service.git/prisma/db/db_gen.go:1024.85,1033.2 1 0
github.com/oskargbc/dws-event-service.git/prisma/db/db_gen.go:1036.95,1037.18 1 0
github.com/oskargbc/dws-event-service.git/prisma/db/db_gen.go:1037.18,1039.3 1 0
github.com/oskargbc/dws-event-service.git/prisma/db/db_gen.go:1041.2,1041.22 1 0
github.com/oskargbc/dws-event-service.git/prisma/db/db_gen.go:1044.91,1057.2 1 0
github.com/oskargbc/dws-event-service.git/prisma/db/db_gen.go:1059.101,1060.18 1 0
github.com/oskargbc/dws-event-service.git/prisma/db/db_gen.go:1060.18,1062.3 1 0
github.com/oskargbc/dws-event-service.git/prisma/db/db_gen.go:1063.2,1063.25 1 0
github.com/oskargbc/dws-event-service.git/prisma/db/db_gen.go:1066.84,1073.2 1 0
github.com/oskargbc/dws-event-service.git/prisma/db/db_gen.go:1075.78,1082.2 1 0
github.com/oskargbc/dws-event-service.git/prisma/db/db_gen.go:1084.76,1096.2 1 0
github.com/oskargbc/dws-event-service.git/prisma/db/db_gen.go:1098.85,1099.18 1 0
github.com/oskargbc/dws-event-service.git/prisma/db/db_gen.go:1099.18,1101.3 1 0
github.com/oskargbc/dws-event-service.git/prisma/db/db_gen.go:1102.2,1102.20 1 0
github.com/oskargbc/dws-event-service.git/prisma/db/db_gen.go:1105.79,1117.2 1 0
github.com/oskargbc/dws-event-service.git/prisma/db/db_gen.go:1119.88,1120.18 1 0
github.com/oskargbc/dws-event-service.git/prisma/db/db_gen.go:1120.18,1122.3 1 0
github.com/oskargbc/dws-event-service.git/prisma/db/db_gen.go:1123.2,1123.23 1 0
github.com/oskargbc/dws-event-service.git/prisma/db/db_gen.go:1126.74,1138.2 1 0
github.com/oskargbc/dws-event-service.git/prisma/db/db_gen.go:1140.84,1141.18 1 0
github.com/oskargbc/dws-event-service.git/prisma/db/db_gen.go:1141.18,1143.3 1 0
github.com/oskargbc/dws-event-service.git/prisma/db/db_gen.go:1144.2,1144.21 1 0
github.com/oskargbc/dws-event-service.git/prisma/db/db_gen.go:1147.75,1159.2 1 0
github.com/oskargbc/dws-event-service.git/prisma/db/db_gen.go:1161.85,1162.18 1 0
github.com/oskargbc/dws-event-service.git/prisma/db/db_gen.go:1162.18,1164.3 1 0
github.com/oskargbc/dws-event-service.git/prisma/db/db_gen.go:1165.2,1165.22 1 0
github.com/oskargbc/dws-event-service.git/prisma/db/db_gen.go:1168.74,1180.2 1 0
github.com/oskargbc/dws-event-service.git/prisma/db/db_gen.go:1182.84,1183.18 1 0
github.com/oskargbc/dws-event-service.git/prisma/db/db_gen.go:1183.18,1185.3 1 0
github.com/oskargbc/dws-event-service.git/prisma/db/db_gen.go:1186.2,1186.21 1 0
github.com/oskargbc/dws-event-service.git/prisma/db/db_gen.go:1189.75,1201.2 1 0
github.com/oskargbc/dws-event-service.git/prisma/db/db_gen.go:1203.85,1204.18 1 0
github.com/oskargbc/dws-event-service.git/prisma/db/db_gen.go:1204.18,1206.3 1 0
github.com/oskargbc/dws-event-service.git/prisma/db/db_gen.go:1207.2,1207.22 1 0
github.com/oskargbc/dws-event-service.git/prisma/db/db_gen.go:1210.80,1222.2 1 0
github.com/oskargbc/dws-event-service.git/prisma/db/db_gen.go:1224.90,1225.18 1 0
github.com/oskargbc/dws-event-service.git/prisma/db/db_gen.go:1225.18,1227.3 1 0
github.com/oskargbc/dws-event-service.git/prisma/db/db_gen.go:1228.2,1228.27 1 0
github.com/oskargbc/dws-event-service.git/prisma/db/db_gen.go:1231.82,1243.2 1 0
github.com/oskargbc/dws-event-service.git/prisma/db/db_gen.go:1245.92,1246.18 1 0
github.com/oskargbc/dws-event-service.git/prisma/db/db_gen.go:1246.18,1248.3 1 0
github.com/oskargbc/dws-event-service.git/prisma/db/db_gen.go:1249.2,1249.29 1 0
github.com/oskargbc/dws-event-service.git/prisma/db/db_gen.go:1252.80,1264.2 1 0
github.com/oskargbc/dws-event-service.git/prisma/db/db_gen.go:1266.90,1267.18 1 0
github.com/oskargbc/dws-event-service.git/prisma/db/db_gen.go:1267.18,1269.3 1 0
github.com/oskargbc/dws-event-service.git/prisma/db/db_gen.go:1270.2,1270.27 1 0
github.com/oskargbc/dws-event-service.git/prisma/db/db_gen.go:1273.79,1285.2 1 0
github.com/oskargbc/dws-event-service.git/prisma/db/db_gen.go:1287.89,1288.18 1 0
github.com/oskargbc/dws-event-service.git/prisma/db/db_gen.go:1288.18,1290.3 1 0
github.com/oskargbc/dws-event-service.git/prisma/db/db_gen.go:1291.2,1291.23 1 0
github.com/oskargbc/dws-event-service.git/prisma/db/db_gen.go:1294.75,1306.2 1 0
github.com/oskargbc/dws-event-service.git/prisma/db/db_gen.go:1308.85,1309.18 1 0
github.com/oskargbc/dws-event-service.git/prisma/db/db_gen.go:1309.18,1311.3 1 0
github.com/oskargbc/dws-event-service.git/prisma/db/db_gen.go:1312.2,1312.22 1 0
github.com/oskargbc/dws-event-service.git/prisma/db/db_gen.go:1317.81,1329.2 1 0
github.com/oskargbc/dws-event-service.git/prisma/db/db_gen.go:1332.91,1333.18 1 0
github.com/oskargbc/dws-event-service.git/prisma/db/db_gen.go:1333.18,1335.3 1 0
github.com/oskargbc/dws-event-service.git/prisma/db/db_gen.go:1336.2,1336.28 1 0
github.com/oskargbc/dws-event-service.git/prisma/db/db_gen.go:1341.81,1353.2 1 0
github.com/oskargbc/dws-event-service.git/prisma/db/db_gen.go:1356.91,1357.18 1 0
github.com/oskargbc/dws-event-service.git/prisma/db/db_gen.go:1357.18,1359.3 1 0
github.com/oskargbc/dws-event-service.git/prisma/db/db_gen.go:1360.2,1360.28 1 0
github.com/oskargbc/dws-event-service.git/prisma/db/db_gen.go:1363.65,1365.2 1 0
github.com/oskargbc/dws-event-service.git/prisma/db/db_gen.go:1371.87,1380.2 1 0
github.com/oskargbc/dws-event-service.git/prisma/db/db_gen.go:1383.97,1384.18 1 0
github.com/oskargbc/dws-event-service.git/prisma/db/db_gen.go:1384.18,1386.3 1 0
github.com/oskargbc/dws-event-service.git/prisma/db/db_gen.go:1388.2,1388.22 1 0
github.com/oskargbc/dws-event-service.git/prisma/db/db_gen.go:1391.99,1404.2 1 0
github.com/oskargbc/dws-event-service.git/prisma/db/db_gen.go:1406.109,1407.18 1 0
github.com/oskargbc/dws-event-service.git/prisma/db/db_gen.go:1407.18,1409.3 1 0
github.com/oskargbc/dws-event-service.git/prisma/db/db_gen.go:1410.2,1410.25 1 0
github.com/oskargbc/dws-event-service.git/prisma/db/db_gen.go:1413.85,1420.2 1 0
github.com/oskargbc/dws-event-service.git/prisma/db/db_gen.go:1422.79,1429.2 1 0
github.com/oskargbc/dws-event-service.git/prisma/db/db_gen.go:1431.76,1443.2 1 0
github.com/oskargbc/dws-event-service.git/prisma/db/db_gen.go:1445.85,1446.18 1 0
github.com/oskargbc/dws-event-service.git/prisma/db/db_gen.go:1446.18,1448.3 1 0
github.com/oskargbc/dws-event-service.git/prisma/db/db_gen.go:1449.2,1449.20 1 0
github.com/oskargbc/dws-event-service.git/prisma/db/db_gen.go:1452.79,1464.2 1 0
github.com/oskargbc/dws-event-service.git/prisma/db/db_gen.go:1466.88,1467.18 1 0
github.com/oskargbc/dws-event-service.git/prisma/db/db_gen.go:1467.18,1469.3 1 0
github.com/oskargbc/dws-event-service.git/prisma/db/db_gen.go:1470.2,1470.23 1 0
github.com/oskargbc/dws-event-service.git/prisma/db/db_gen.go:1473.74,1485.2 1 0
github.com/oskargbc/dws-event-service.git/prisma/db/db_gen.go:1487.84,1488.18 1 0
github.com/oskargbc/dws-event-service.git/prisma/db/db_gen.go:1488.18,1490.3 1 0
github.com/oskargbc/dws-event-service.git/prisma/db/db_gen.go:1491.2,1491.21 1 0
github.com/oskargbc/dws-event-service.git/prisma/db/db_gen.go:1494.75,1506.2 1 0
github.com/oskargbc/dws-event-service.git/prisma/db/db_gen.go:1508.85,1509.18 1 0
github.com/oskargbc/dws-event-service.git/prisma/db/db_gen.go:1509.18,1511.3 1 0
github.com/oskargbc/dws-event-service.git/prisma/db/db_gen.go:1512.2,1512.22 1 0
github.com/oskargbc/dws-event-service.git/prisma/db/db_gen.go:1515.74,1527.2 1 0
github.com/oskargbc/dws-event-service.git/prisma/db/db_gen.go:1529.84,1530.18 1 0
github.com/oskargbc/dws-event-service.git/prisma/db/db_gen.go:1530.18,1532.3 1 0
github.com/oskargbc/dws-event-service.git/prisma/db/db_gen.go:1533.2,1533.21 1 0
github.com/oskargbc/dws-event-service.git/prisma/db/db_gen.go:1536.75,1548.2 1 0
github.com/oskargbc/dws-event-service.git/prisma/db/db_gen.go:1550.85,1551.18 1 0
github.com/oskargbc/dws-event-service.git/prisma/db/db_gen.go:1551.18,1553.3 1 0
github.com/oskargbc/dws-event-service.git/prisma/db/db_gen.go:1554.2,1554.22 1 0
github.com/oskargbc/dws-event-service.git/prisma/db/db_gen.go:1557.80,1569.2 1 0
github.com/oskargbc/dws-event-service.git/prisma/db/db_gen.go:1571.90,1572.18 1 0
github.com/oskargbc/dws-event-service.git/prisma/db/db_gen.go:1572.18,1574.3 1 0
github.com/oskargbc/dws-event-service.git/prisma/db/db_gen.go:1575.2,1575.27 1 0
github.com/oskargbc/dws-event-service.git/prisma/db/db_gen.go:1578.82,1590.2 1 0
github.com/oskargbc/dws-event-service.git/prisma/db/db_gen.go:1592.92,1593.18 1 0
github.com/oskargbc/dws-event-service.git/prisma/db/db_gen.go:1593.18,1595.3 1 0
github.com/oskargbc/dws-event-service.git/prisma/db/db_gen.go:1596.2,1596.29 1 0
github.com/oskargbc/dws-event-service.git/prisma/db/db_gen.go:1599.80,1611.2 1 0
github.com/oskargbc/dws-event-service.git/prisma/db/db_gen.go:1613.90,1614.18 1 0
github.com/oskargbc/dws-event-service.git/prisma/db/db_gen.go:1614.18,1616.3 1 0
github.com/oskargbc/dws-event-service.git/prisma/db/db_gen.go:1617.2,1617.27 1 0
github.com/oskargbc/dws-event-service.git/prisma/db/db_gen.go:1620.79,1632.2 1 0
github.com/oskargbc/dws-event-service.git/prisma/db/db_gen.go:1634.89,1635.18 1 0
github.com/oskargbc/dws-event-service.git/prisma/db/db_gen.go:1635.18,1637.3 1 0
github.com/oskargbc/dws-event-service.git/prisma/db/db_gen.go:1638.2,1638.23 1 0
github.com/oskargbc/dws-event-service.git/prisma/db/db_gen.go:1641.75,1653.2 1 0
github.com/oskargbc/dws-event-service.git/prisma/db/db_gen.go:1655.85,1656.18 1 0
github.com/oskargbc/dws-event-service.git/prisma/db/db_gen.go:1656.18,1658.3 1 0
github.com/oskargbc/dws-event-service.git/prisma/db/db_gen.go:1659.2,1659.22 1 0
github.com/oskargbc/dws-event-service.git/prisma/db/db_gen.go:1664.81,1676.2 1 0
github.com/oskargbc/dws-event-service.git/prisma/db/db_gen.go:1679.91,1680.18 1 0
github.com/oskargbc/dws-event-service.git/prisma/db/db_gen.go:1680.18,1682.3 1 0
github.com/oskargbc/dws-event-service.git/prisma/db/db_gen.go:1683.2,1683.28 1 0
github.com/oskargbc/dws-event-service.git/prisma/db/db_gen.go:1688.81,1700.2 1 0
github.com/oskargbc/dws-event-service.git/prisma/db/db_gen.go:1703.91,1704.18 1 0
github.com/oskargbc/dws-event-service.git/prisma/db/db_gen.go:1704.18,1706.3 1 0
github.com/oskargbc/dws-event-service.git/prisma/db/db_gen.go:1707.2,1707.28 1 0
github.com/oskargbc/dws-event-service.git/prisma/db/db_gen.go:1710.66,1712.2 1 0
github.com/oskargbc/dws-event-service.git/prisma/db/db_gen.go:1718.87,1727.2 1 0
github.com/oskargbc/dws-event-service.git/prisma/db/db_gen.go:1730.97,1731.18 1 0
github.com/oskargbc/dws-event-service.git/prisma/db/db_gen.go:1731.18,1733.3 1 0
github.com/oskargbc/dws-event-service.git/prisma/db/db_gen.go:1735.2,1735.22 1 0
github.com/oskargbc/dws-event-service.git/prisma/db/db_gen.go:1738.93,1751.2 1 0
github.com/oskargbc/dws-event-service.git/prisma/db/db_gen.go:1753.103,1754.18 1 0
github.com/oskargbc/dws-event-service.git/prisma/db/db_gen.go:1754.18,1756.3 1 0
github.com/oskargbc/dws-event-service.git/prisma/db/db_gen.go:1757.2,1757.25 1 0
github.com/oskargbc/dws-event-service.git/prisma/db/db_gen.go:1760.85,1767.2 1 0
github.com/oskargbc/dws-event-service.git/prisma/db/db_gen.go:1769.79,1776.2 1 0
github.com/oskargbc/dws-event-service.git/prisma/db/db_gen.go:1778.77,1790.2 1 0
github.com/oskargbc/dws-event-service.git/prisma/db/db_gen.go:1792.86,1793.18 1 0
github.com/oskargbc/dws-event-service.git/prisma/db/db_gen.go:1793.18,1795.3 1 0
github.com/oskargbc/dws-event-service.git/prisma/db/db_gen.go:1796.2,1796.20 1 0
github.com/oskargbc/dws-event-service.git/prisma/db/db_gen.go:1799.80,1811.2 1 0
github.com/oskargbc/dws-event-service.git/prisma/db/db_gen.go:1813.89,1814.18 1 0
github.com/oskargbc/dws-event-service.git/prisma/db/db_gen.go:1814.18,1816.3 1 0
github.com/oskargbc/dws-event-service.git/prisma/db/db_gen.go:1817.2,1817.23 1 0
github.com/oskargbc/dws-event-service.git/prisma/db/db_gen.go:1820.75,1832.2 1 0
github.com/oskargbc/dws-event-service.git/prisma/db/db_gen.go:1834.85,1835.18 1 0
github.com/oskargbc/dws-event-service.git/prisma/db/db_gen.go:1835.18,1837.3 1 0
github.com/oskargbc/dws-event-service.git/prisma/db/db_gen.go:1838.2,1838.21 1 0
github.com/oskargbc/dws-event-service.git/prisma/db/db_gen.go:1841.76,1853.2 1 0
github.com/oskargbc/dws-event-service.git/prisma/db/db_gen.go:1855.86,1856.18 1 0
github.com/oskargbc/dws-event-service.git/prisma/db/db_gen.go:1856.18,1858.3 1 0
github.com/oskargbc/dws-event-service.git/prisma/db/db_gen.go:1859.2,1859.22 1 0
github.com/oskargbc/dws-event-service.git/prisma/db/db_gen.go:1862.75,1874.2 1 0
github.com/oskargbc/dws-event-service.git/prisma/db/db_gen.go:1876.85,1877.18 1 0
github.com/oskargbc/dws-event-service.git/prisma/db/db_gen.go:1877.18,1879.3 1 0
github.com/oskargbc/dws-event-service.git/prisma/db/db_gen.go:1880.2,1880.21 1 0
github.com/oskargbc/dws-event-service.git/prisma/db/db_gen.go:1883.76,1895.2 1 0
github.com/oskargbc/dws-event-service.git/prisma/db/db_gen.go:1897.86,1898.18 1 0
github.com/oskargbc/dws-event-service.git/prisma/db/db_gen.go:1898.18,1900.3 1 0
github.com/oskargbc/dws-event-service.git/prisma/db/db_gen.go:1901.2,1901.22 1 0
github.com/oskargbc/dws-event-service.git/prisma/db/db_gen.go:1904.81,1916.2 1 0
github.com/oskargbc/dws-event-service.git/prisma/db/db_gen.go:1918.91,1919.18 1 0
github.com/oskargbc/dws-event-service.git/prisma/db/db_gen.go:1919.18,1921.3 1 0
github.com/oskargbc/dws-event-service.git/prisma/db/db_gen.go:1922.2,1922.27 1 0
github.com/oskargbc/dws-event-service.git/prisma/db/db_gen.go:1925.83,1937.2 1 0
github.com/oskargbc/dws-event-service.git/prisma/db/db_gen.go:1939.93,1940.18 1 0
github.com/oskargbc/dws-event-service.git/prisma/db/db_gen.go:1940.18,1942.3 1 0
github.com/oskargbc/dws-event-service.git/prisma/db/db_gen.go:1943.2,1943.29 1 0
github.com/oskargbc/dws-event-service.git/prisma/db/db_gen.go:1946.81,1958.2 1 0
github.com/oskargbc/dws-event-service.git/prisma/db/db_gen.go:1960.91,1961.18 1 0
github.com/oskargbc/dws-event-service.git/prisma/db/db_gen.go:1961.18,1963.3 1 0
github.com/oskargbc/dws-event-service.git/prisma/db/db_gen.go:1964.2,1964.27 1 0
github.com/oskargbc/dws-event-service.git/prisma/db/db_gen.go:1967.80,1979.2 1 0
github.com/oskargbc/dws-event-service.git/prisma/db/db_gen.go:1981.90,1982.18 1 0
github.com/oskargbc/dws-event-service.git/prisma/db/db_gen.go:1982.18,1984.3 1 0
github.com/oskargbc/dws-event-service.git/prisma/db/db_gen.go:1985.2,1985.23 1 0
github.com/oskargbc/dws-event-service.git/prisma/db/db_gen.go:1988.76,2000.2 1 0
github.com/oskargbc/dws-event-service.git/prisma/db/db_gen.go:2002.86,2003.18 1 0
github.com/oskargbc/dws-event-service.git/prisma/db/db_gen.go:2003.18,2005.3 1 0
github.com/oskargbc/dws-event-service.git/prisma/db/db_gen.go:2006.2,2006.22 1 0
github.com/oskargbc/dws-event-service.git/prisma/db/db_gen.go:2011.82,2023.2 1 0
github.com/oskargbc/dws-event-service.git/prisma/db/db_gen.go:2026.92,2027.18 1 0
github.com/oskargbc/dws-event-service.git/prisma/db/db_gen.go:2027.18,2029.3 1 0
github.com/oskargbc/dws-event-service.git/prisma/db/db_gen.go:2030.2,2030.28 1 0
github.com/oskargbc/dws-event-service.git/prisma/db/db_gen.go:2035.82,2047.2 1 0
github.com/oskargbc/dws-event-service.git/prisma/db/db_gen.go:2050.92,2051.18 1 0
github.com/oskargbc/dws-event-service.git/prisma/db/db_gen.go:2051.18,2053.3 1 0
github.com/oskargbc/dws-event-service.git/prisma/db/db_gen.go:2054.2,2054.28 1 0
github.com/oskargbc/dws-event-service.git/prisma/db/db_gen.go:2057.66,2059.2 1 0
github.com/oskargbc/dws-event-service.git/prisma/db/db_gen.go:2065.80,2074.2 1 0
github.com/oskargbc/dws-event-service.git/prisma/db/db_gen.go:2077.90,2078.18 1 0
github.com/oskargbc/dws-event-service.git/prisma/db/db_gen.go:2078.18,2080.3 1 0
github.com/oskargbc/dws-event-service.git/prisma/db/db_gen.go:2082.2,2082.22 1 0
github.com/oskargbc/dws-event-service.git/prisma/db/db_gen.go:2085.105,2098.2 1 0
github.com/oskargbc/dws-event-service.git/prisma/db/db_gen.go:2100.115,2101.18 1 0
github.com/oskargbc/dws-event-service.git/prisma/db/db_gen.go:2101.18,2103.3 1 0
github.com/oskargbc/dws-event-service.git/prisma/db/db_gen.go:2104.2,2104.25 1 0
github.com/oskargbc/dws-event-service.git/prisma/db/db_gen.go:2107.91,2114.2 1 0
github.com/oskargbc/dws-event-service.git/prisma/db/db_gen.go:2116.87,2123.2 1 0
github.com/oskargbc/dws-event-service.git/prisma/db/db_gen.go:2125.85,2137.2 1 0
github.com/oskargbc/dws-event-service.git/prisma/db/db_gen.go:2139.94,2140.18 1 0
github.com/oskargbc/dws-event-service.git/prisma/db/db_gen.go:2140.18,2142.3 1 0
github.com/oskargbc/dws-event-service.git/prisma/db/db_gen.go:2143.2,2143.20 1 0
github.com/oskargbc/dws-event-service.git/prisma/db/db_gen.go:2146.88,2158.2 1 0
github.com/oskargbc/dws-event-service.git/prisma/db/db_gen.go:2160.97,2161.18 1 0
github.com/oskargbc/dws-event-service.git/prisma/db/db_gen.go:2161.18,2163.3 1 0
github.com/oskargbc/dws-event-service.git/prisma/db/db_gen.go:2164.2,2164.23 1 0
github.com/oskargbc/dws-event-service.git/prisma/db/db_gen.go:2167.83,2179.2 1 0
github.com/oskargbc/dws-event-service.git/prisma/db/db_gen.go:2181.93,2182.18 1 0
github.com/oskargbc/dws-event-service.git/prisma/db/db_gen.go:2182.18,2184.3 1 0
github.com/oskargbc/dws-event-service.git/prisma/db/db_gen.go:2185.2,2185.21 1 0
github.com/oskargbc/dws-event-service.git/prisma/db/db_gen.go:2188.84,2200.2 1 0
github.com/oskargbc/dws-event-service.git/prisma/db/db_gen.go:2202.94,2203.18 1 0
github.com/oskargbc/dws-event-service.git/prisma/db/db_gen.go:2203.18,2205.3 1 0
github.com/oskargbc/dws-event-service.git/prisma/db/db_gen.go:2206.2,2206.22 1 0
github.com/oskargbc/dws-event-service.git/prisma/db/db_gen.go:2209.83,2221.2 1 0
github.com/oskargbc/dws-event-service.git/prisma/db/db_gen.go:2223.93,2224.18 1 0
github.com/oskargbc/dws-event-service.git/prisma/db/db_gen.go:2224.18,2226.3 1 0
github.com/oskargbc/dws-event-service.git/prisma/db/db_gen.go:2227.2,2227.21 1 0
github.com/oskargbc/dws-event-service.git/prisma/db/db_gen.go:2230.84,2242.2 1 0
github.com/oskargbc/dws-event-service.git/prisma/db/db_gen.go:2244.94,2245.18 1 0
github.com/oskargbc/dws-event-service.git/prisma/db/db_gen.go:2245.18,2247.3 1 0
github.com/oskargbc/dws-event-service.git/prisma/db/db_gen.go:2248.2,2248.22 1 0
github.com/oskargbc/dws-event-service.git/prisma/db/db_gen.go:2251.84,2263.2 1 0
github.com/oskargbc/dws-event-service.git/prisma/db/db_gen.go:2265.94,2266.18 1 0
github.com/oskargbc/dws-event-service.git/prisma/db/db_gen.go:2266.18,2268.3 1 0
github.com/oskargbc/dws-event-service.git/prisma/db/db_gen.go:2269.2,2269.22 1 0
github.com/oskargbc/dws-event-service.git/prisma/db/db_gen.go:2274.87,2286.2 1 0
github.com/oskargbc/dws-event-service.git/prisma/db/db_gen.go:2289.97,2290.18 1 0
github.com/oskargbc/dws-event-service.git/prisma/db/db_gen.go:2290.18,2292.3 1 0
github.com/oskargbc/dws-event-service.git/prisma/db/db_gen.go:2293.2,2293.25 1 0
github.com/oskargbc/dws-event-service.git/prisma/db/db_gen.go:2298.86,2310.2 1 0
github.com/oskargbc/dws-event-service.git/prisma/db/db_gen.go:2313.96,2314.18 1 0
github.com/oskargbc/dws-event-service.git/prisma/db/db_gen.go:2314.18,2316.3 1 0
github.com/oskargbc/dws-event-service.git/prisma/db/db_gen.go:2317.2,2317.24 1 0
github.com/oskargbc/dws-event-service.git/prisma/db/db_gen.go:2322.93,2334.2 1 0
github.com/oskargbc/dws-event-service.git/prisma/db/db_gen.go:2337.103,2338.18 1 0
github.com/oskargbc/dws-event-service.git/prisma/db/db_gen.go:2338.18,2340.3 1 0
github.com/oskargbc/dws-event-service.git/prisma/db/db_gen.go:2341.2,2341.31 1 0
github.com/oskargbc/dws-event-service.git/prisma/db/db_gen.go:2346.92,2358.2 1 0
github.com/oskargbc/dws-event-service.git/prisma/db/db_gen.go:2361.102,2362.18 1 0
github.com/oskargbc/dws-event-service.git/prisma/db/db_gen.go:2362.18,2364.3 1 0
github.com/oskargbc/dws-event-service.git/prisma/db/db_gen.go:2365.2,2365.30 1 0
github.com/oskargbc/dws-event-service.git/prisma/db/db_gen.go:2368.72,2370.2 1 0
github.com/oskargbc/dws-event-service.git/prisma/db/db_gen.go:2376.80,2385.2 1 0
github.com/oskargbc/dws-event-service.git/prisma/db/db_gen.go:2388.90,2389.18 1 0
github.com/oskargbc/dws-event-service.git/prisma/db/db_gen.go:2389.18,2391.3 1 0
github.com/oskargbc/dws-event-service.git/prisma/db/db_gen.go:2393.2,2393.22 1 0
github.com/oskargbc/dws-event-service.git/prisma/db/db_gen.go:2396.105,2409.2 1 0
github.com/oskargbc/dws-event-service.git/prisma/db/db_gen.go:2411.115,2412.18 1 0
github.com/oskargbc/dws-event-service.git/prisma/db/db_gen.go:2412.18,2414.3 1 0
github.com/oskargbc/dws-event-service.git/prisma/db/db_gen.go:2415.2,2415.25 1 0
github.com/oskargbc/dws-event-service.git/prisma/db/db_gen.go:2418.91,2425.2 1 0
github.com/oskargbc/dws-event-service.git/prisma/db/db_gen.go:2427.87,2434.2 1 0
github.com/oskargbc/dws-event-service.git/prisma/db/db_gen.go:2436.85,2448.2 1 0
github.com/oskargbc/dws-event-service.git/prisma/db/db_gen.go:2450.94,2451.18 1 0
github.com/oskargbc/dws-event-service.git/prisma/db/db_gen.go:2451.18,2453.3 1 0
github.com/oskargbc/dws-event-service.git/prisma/db/db_gen.go:2454.2,2454.20 1 0
github.com/oskargbc/dws-event-service.git/prisma/db/db_gen.go:2457.88,2469.2 1 0
github.com/oskargbc/dws-event-service.git/prisma/db/db_gen.go:2471.97,2472.18 1 0
github.com/oskargbc/dws-event-service.git/prisma/db/db_gen.go:2472.18,2474.3 1 0
github.com/oskargbc/dws-event-service.git/prisma/db/db_gen.go:2475.2,2475.23 1 0
github.com/oskargbc/dws-event-service.git/prisma/db/db_gen.go:2478.83,2490.2 1 0
github.com/oskargbc/dws-event-service.git/prisma/db/db_gen.go:2492.93,2493.18 1 0
github.com/oskargbc/dws-event-service.git/prisma/db/db_gen.go:2493.18,2495.3 1 0
github.com/oskargbc/dws-event-service.git/prisma/db/db_gen.go:2496.2,2496.21 1 0
github.com/oskargbc/dws-event-service.git/prisma/db/db_gen.go:2499.84,2511.2 1 0
github.com/oskargbc/dws-event-service.git/prisma/db/db_gen.go:2513.94,2514.18 1 0
github.com/oskargbc/dws-event-service.git/prisma/db/db_gen.go:2514.18,2516.3 1 0
github.com/oskargbc/dws-event-service.git/prisma/db/db_gen.go:2517.2,2517.22 1 0
github.com/oskargbc/dws-event-service.git/prisma/db/db_gen.go:2520.83,2532.2 1 0
github.com/oskargbc/dws-event-service.git/prisma/db/db_gen.go:2534.93,2535.18 1 0
github.com/oskargbc/dws-event-service.git/prisma/db/db_gen.go:2535.18,2537.3 1 0
github.com/oskargbc/dws-event-service.git/prisma/db/db_gen.go:2538.2,2538.21 1 0
github.com/oskargbc/dws-event-service.git/prisma/db/db_gen.go:2541.84,2553.2 1 0
github.com/oskargbc/dws-event-service.git/prisma/db/db_gen.go:2555.94,2556.18 1 0
github.com/oskargbc/dws-event-service.git/prisma/db/db_gen.go:2556.18,2558.3 1 0
github.com/oskargbc/dws-event-service.git/prisma/db/db_gen.go:2559.2,2559.22 1 0
github.com/oskargbc/dws-event-service.git/prisma/db/db_gen.go:2562.84,2574.2 1 0
github.com/oskargbc/dws-event-service.git/prisma/db/db_gen.go:2576.94,2577.18 1 0
github.com/oskargbc/dws-event-service.git/prisma/db/db_gen.go:2577.18,2579.3 1 0
github.com/oskargbc/dws-event-service.git/prisma/db/db_gen.go:2580.2,2580.22 1 0
github.com/oskargbc/dws-event-service.git/prisma/db/db_gen.go:2585.87,2597.2 1 0
github.com/oskargbc/dws-event-service.git/prisma/db/db_gen.go:2600.97,2601.18 1 0
github.com/oskargbc/dws-event-service.git/prisma/db/db_gen.go:2601.18,2603.3 1 0
github.com/oskargbc/dws-event-service.git/prisma/db/db_gen.go:2604.2,2604.25 1 0
github.com/oskargbc/dws-event-service.git/prisma/db/db_gen.go:2609.86,2621.2 1 0
github.com/oskargbc/dws-event-service.git/prisma/db/db_gen.go:2624.96,2625.18 1 0
github.com/oskargbc/dws-event-service.git/prisma/db/db_gen.go:2625.18,2627.3 1 0
github.com/oskargbc/dws-event-service.git/prisma/db/db_gen.go:2628.2,2628.24 1 0
github.com/oskargbc/dws-event-service.git/prisma/db/db_gen.go:2633.93,2645.2 1 0
github.com/oskargbc/dws-event-service.git/prisma/db/db_gen.go:2648.103,2649.18 1 0
github.com/oskargbc/dws-event-service.git/prisma/db/db_gen.go:2649.18,2651.3 1 0
github.com/oskargbc/dws-event-service.git/prisma/db/db_gen.go:2652.2,2652.31 1 0
github.com/oskargbc/dws-event-service.git/prisma/db/db_gen.go:2657.92,2669.2 1 0
github.com/oskargbc/dws-event-service.git/prisma/db/db_gen.go:2672.102,2673.18 1 0
github.com/oskargbc/dws-event-service.git/prisma/db/db_gen.go:2673.18,2675.3 1 0
github.com/oskargbc/dws-event-service.git/prisma/db/db_gen.go:2676.2,2676.30 1 0
github.com/oskargbc/dws-event-service.git/prisma/db/db_gen.go:2679.72,2681.2 1 0
github.com/oskargbc/dws-event-service.git/prisma/db/db_gen.go:2694.25,2697.27 2 0
github.com/oskargbc/dws-event-service.git/prisma/db/db_gen.go:2697.27,2699.3 1 0
github.com/oskargbc/dws-event-service.git/prisma/db/db_gen.go:2701.2,2711.3 1 0
github.com/oskargbc/dws-event-service.git/prisma/db/db_gen.go:2720.25,2723.27 2 0
github.com/oskargbc/dws-event-service.git/prisma/db/db_gen.go:2723.27,2725.3 1 0
github.com/oskargbc/dws-event-service.git/prisma/db/db_gen.go:2727.2,2737.3 1 0
github.com/oskargbc/dws-event-service.git/prisma/db/db_gen.go:2746.25,2749.27 2 0
github.com/oskargbc/dws-event-service.git/prisma/db/db_gen.go:2749.27,2751.3 1 0
github.com/oskargbc/dws-event-service.git/prisma/db/db_gen.go:2753.2,2763.3 1 0
github.com/oskargbc/dws-event-service.git/prisma/db/db_gen.go:2770.29,2778.27 6 0
github.com/oskargbc/dws-event-service.git/prisma/db/db_gen.go:2778.27,2779.51 1 0
github.com/oskargbc/dws-event-service.git/prisma/db/db_gen.go:2779.51,2785.4 1 0
github.com/oskargbc/dws-event-service.git/prisma/db/db_gen.go:2785.9,2787.4 1 0
github.com/oskargbc/dws-event-service.git/prisma/db/db_gen.go:2790.2,2790.20 1 0
github.com/oskargbc/dws-event-service.git/prisma/db/db_gen.go:2790.20,2795.3 1 0
github.com/oskargbc/dws-event-service.git/prisma/db/db_gen.go:2797.2,2797.10 1 0
github.com/oskargbc/dws-event-service.git/prisma/db/db_gen.go:2802.21,2805.27 2 0
github.com/oskargbc/dws-event-service.git/prisma/db/db_gen.go:2805.27,2807.3 1 0
github.com/oskargbc/dws-event-service.git/prisma/db/db_gen.go:2809.2,2822.3 1 0
github.com/oskargbc/dws-event-service.git/prisma/db/db_gen.go:2827.21,2831.27 3 0
github.com/oskargbc/dws-event-service.git/prisma/db/db_gen.go:2831.27,2833.3 1 0
github.com/oskargbc/dws-event-service.git/prisma/db/db_gen.go:2834.2,2848.10 2 0
github.com/oskargbc/dws-event-service.git/prisma/db/db_gen.go:2851.66,2853.2 1 0
github.com/oskargbc/dws-event-service.git/prisma/db/db_gen.go:2934.68,2937.27 2 0
github.com/oskargbc/dws-event-service.git/prisma/db/db_gen.go:2937.27,2939.3 1 0
github.com/oskargbc/dws-event-service.git/prisma/db/db_gen.go:2941.2,2948.3 1 0
github.com/oskargbc/dws-event-service.git/prisma/db/db_gen.go:2951.67,2954.27 2 0
github.com/oskargbc/dws-event-service.git/prisma/db/db_gen.go:2954.27,2956.3 1 0
github.com/oskargbc/dws-event-service.git/prisma/db/db_gen.go:2958.2,2965.3 1 0
github.com/oskargbc/dws-event-service.git/prisma/db/db_gen.go:2968.68,2971.27 2 0
github.com/oskargbc/dws-event-service.git/prisma/db/db_gen.go:2971.27,2973.3 1 0
github.com/oskargbc/dws-event-service.git/prisma/db/db_gen.go:2975.2,2982.3 1 0
github.com/oskargbc/dws-event-service.git/prisma/db/db_gen.go:2989.61,2998.2 1 0
github.com/oskargbc/dws-event-service.git/prisma/db/db_gen.go:3001.71,3002.18 1 0
github.com/oskargbc/dws-event-service.git/prisma/db/db_gen.go:3002.18,3004.3 1 0
github.com/oskargbc/dws-event-service.git/prisma/db/db_gen.go:3006.2,3006.22 1 0
github.com/oskargbc/dws-event-service.git/prisma/db/db_gen.go:3009.85,3022.2 1 0
github.com/oskargbc/dws-event-service.git/prisma/db/db_gen.go:3024.95,3025.18 1 0
github.com/oskargbc/dws-event-service.git/prisma/db/db_gen.go:3025.18,3027.3 1 0
github.com/oskargbc/dws-event-service.git/prisma/db/db_gen.go:3028.2,3028.25 1 0
github.com/oskargbc/dws-event-service.git/prisma/db/db_gen.go:3031.74,3038.2 1 0
github.com/oskargbc/dws-event-service.git/prisma/db/db_gen.go:3040.68,3047.2 1 0
github.com/oskargbc/dws-event-service.git/prisma/db/db_gen.go:3049.65,3061.2 1 0
github.com/oskargbc/dws-event-service.git/prisma/db/db_gen.go:3063.74,3064.18 1 0
github.com/oskargbc/dws-event-service.git/prisma/db/db_gen.go:3064.18,3066.3 1 0
github.com/oskargbc/dws-event-service.git/prisma/db/db_gen.go:3067.2,3067.20 1 0
github.com/oskargbc/dws-event-service.git/prisma/db/db_gen.go:3070.68,3082.2 1 0
github.com/oskargbc/dws-event-service.git/prisma/db/db_gen.go:3084.77,3085.18 1 0
github.com/oskargbc/dws-event-service.git/prisma/db/db_gen.go:3085.18,3087.3 1 0
github.com/oskargbc/dws-event-service.git/prisma/db/db_gen.go:3088.2,3088.23 1 0
github.com/oskargbc/dws-event-service.git/prisma/db/db_gen.go:3091.63,3103.2 1 0
github.com/oskargbc/dws-event-service.git/prisma/db/db_gen.go:3105.73,3106.18 1 0
github.com/oskargbc/dws-event-service.git/prisma/db/db_gen.go:3106.18,3108.3 1 0
github.com/oskargbc/dws-event-service.git/prisma/db/db_gen.go:3109.2,3109.21 1 0
github.com/oskargbc/dws-event-service.git/prisma/db/db_gen.go:3112.64,3124.2 1 0
github.com/oskargbc/dws-event-service.git/prisma/db/db_gen.go:3126.74,3127.18 1 0
github.com/oskargbc/dws-event-service.git/prisma/db/db_gen.go:3127.18,3129.3 1 0
github.com/oskargbc/dws-event-service.git/prisma/db/db_gen.go:3130.2,3130.22 1 0
github.com/oskargbc/dws-event-service.git/prisma/db/db_gen.go:3133.63,3145.2 1 0
github.com/oskargbc/dws-event-service.git/prisma/db/db_gen.go:3147.73,3148.18 1 0
github.com/oskargbc/dws-event-service.git/prisma/db/db_gen.go:3148.18,3150.3 1 0
github.com/oskargbc/dws-event-service.git/prisma/db/db_gen.go:3151.2,3151.21 1 0
github.com/oskargbc/dws-event-service.git/prisma/db/db_gen.go:3154.64,3166.2 1 0
github.com/oskargbc/dws-event-service.git/prisma/db/db_gen.go:3168.74,3169.18 1 0
github.com/oskargbc/dws-event-service.git/prisma/db/db_gen.go:3169.18,3171.3 1 0
github.com/oskargbc/dws-event-service.git/prisma/db/db_gen.go:3172.2,3172.22 1 0
github.com/oskargbc/dws-event-service.git/prisma/db/db_gen.go:3175.69,3187.2 1 0
github.com/oskargbc/dws-event-service.git/prisma/db/db_gen.go:3189.79,3190.18 1 0
github.com/oskargbc/dws-event-service.git/prisma/db/db_gen.go:3190.18,3192.3 1 0
github.com/oskargbc/dws-event-service.git/prisma/db/db_gen.go:3193.2,3193.27 1 0
github.com/oskargbc/dws-event-service.git/prisma/db/db_gen.go:3196.71,3208.2 1 0
github.com/oskargbc/dws-event-service.git/prisma/db/db_gen.go:3210.81,3211.18 1 0
github.com/oskargbc/dws-event-service.git/prisma/db/db_gen.go:3211.18,3213.3 1 0
github.com/oskargbc/dws-event-service.git/prisma/db/db_gen.go:3214.2,3214.29 1 0
github.com/oskargbc/dws-event-service.git/prisma/db/db_gen.go:3217.69,3229.2 1 0
github.com/oskargbc/dws-event-service.git/prisma/db/db_gen.go:3231.79,3232.18 1 0
github.com/oskargbc/dws-event-service.git/prisma/db/db_gen.go:3232.18,3234.3 1 0
github.com/oskargbc/dws-event-service.git/prisma/db/db_gen.go:3235.2,3235.27 1 0
github.com/oskargbc/dws-event-service.git/prisma/db/db_gen.go:3238.68,3250.2 1 0
github.com/oskargbc/dws-event-service.git/prisma/db/db_gen.go:3252.78,3253.18 1 0
github.com/oskargbc/dws-event-service.git/prisma/db/db_gen.go:3253.18,3255.3 1 0
github.com/oskargbc/dws-event-service.git/prisma/db/db_gen.go:3256.2,3256.23 1 0
github.com/oskargbc/dws-event-service.git/prisma/db/db_gen.go:3259.64,3271.2 1 0
github.com/oskargbc/dws-event-service.git/prisma/db/db_gen.go:3273.74,3274.18 1 0
github.com/oskargbc/dws-event-service.git/prisma/db/db_gen.go:3274.18,3276.3 1 0
github.com/oskargbc/dws-event-service.git/prisma/db/db_gen.go:3277.2,3277.22 1 0
github.com/oskargbc/dws-event-service.git/prisma/db/db_gen.go:3282.70,3294.2 1 0
github.com/oskargbc/dws-event-service.git/prisma/db/db_gen.go:3297.80,3298.18 1 0
github.com/oskargbc/dws-event-service.git/prisma/db/db_gen.go:3298.18,3300.3 1 0
github.com/oskargbc/dws-event-service.git/prisma/db/db_gen.go:3301.2,3301.28 1 0
github.com/oskargbc/dws-event-service.git/prisma/db/db_gen.go:3306.70,3318.2 1 0
github.com/oskargbc/dws-event-service.git/prisma/db/db_gen.go:3321.80,3322.18 1 0
github.com/oskargbc/dws-event-service.git/prisma/db/db_gen.go:3322.18,3324.3 1 0
github.com/oskargbc/dws-event-service.git/prisma/db/db_gen.go:3325.2,3325.28 1 0
github.com/oskargbc/dws-event-service.git/prisma/db/db_gen.go:3328.55,3330.2 1 0
github.com/oskargbc/dws-event-service.git/prisma/db/db_gen.go:3336.77,3345.2 1 0
github.com/oskargbc/dws-event-service.git/prisma/db/db_gen.go:3348.87,3349.18 1 0
github.com/oskargbc/dws-event-service.git/prisma/db/db_gen.go:3349.18,3351.3 1 0
github.com/oskargbc/dws-event-service.git/prisma/db/db_gen.go:3353.2,3353.22 1 0
github.com/oskargbc/dws-event-service.git/prisma/db/db_gen.go:3356.83,3369.2 1 0
github.com/oskargbc/dws-event-service.git/prisma/db/db_gen.go:3371.93,3372.18 1 0
github.com/oskargbc/dws-event-service.git/prisma/db/db_gen.go:3372.18,3374.3 1 0
github.com/oskargbc/dws-event-service.git/prisma/db/db_gen.go:3375.2,3375.25 1 0
github.com/oskargbc/dws-event-service.git/prisma/db/db_gen.go:3378.76,3385.2 1 0
github.com/oskargbc/dws-event-service.git/prisma/db/db_gen.go:3387.70,3394.2 1 0
github.com/oskargbc/dws-event-service.git/prisma/db/db_gen.go:3396.68,3408.2 1 0
github.com/oskargbc/dws-event-service.git/prisma/db/db_gen.go:3410.77,3411.18 1 0
github.com/oskargbc/dws-event-service.git/prisma/db/db_gen.go:3411.18,3413.3 1 0
github.com/oskargbc/dws-event-service.git/prisma/db/db_gen.go:3414.2,3414.20 1 0
github.com/oskargbc/dws-event-service.git/prisma/db/db_gen.go:3417.71,3429.2 1 0
github.com/oskargbc/dws-event-service.git/prisma/db/db_gen.go:3431.80,3432.18 1 0
github.com/oskargbc/dws-event-service.git/prisma/db/db_gen.go:3432.18,3434.3 1 0
github.com/oskargbc/dws-event-service.git/prisma/db/db_gen.go:3435.2,3435.23 1 0
github.com/oskargbc/dws-event-service.git/prisma/db/db_gen.go:3438.66,3450.2 1 0
github.com/oskargbc/dws-event-service.git/prisma/db/db_gen.go:3452.76,3453.18 1 0
github.com/oskargbc/dws-event-service.git/prisma/db/db_gen.go:3453.18,3455.3 1 0
github.com/oskargbc/dws-event-service.git/prisma/db/db_gen.go:3456.2,3456.21 1 0
github.com/oskargbc/dws-event-service.git/prisma/db/db_gen.go:3459.67,3471.2 1 0
github.com/oskargbc/dws-event-service.git/prisma/db/db_gen.go:3473.77,3474.18 1 0
github.com/oskargbc/dws-event-service.git/prisma/db/db_gen.go:3474.18,3476.3 1 0
github.com/oskargbc/dws-event-service.git/prisma/db/db_gen.go:3477.2,3477.22 1 0
github.com/oskargbc/dws-event-service.git/prisma/db/db_gen.go:3480.66,3492.2 1 0
github.com/oskargbc/dws-event-service.git/prisma/db/db_gen.go:3494.76,3495.18 1 0
github.com/oskargbc/dws-event-service.git/prisma/db/db_gen.go:3495.18,3497.3 1 0
github.com/oskargbc/dws-event-service.git/prisma/db/db_gen.go:3498.2,3498.21 1 0
github.com/oskargbc/dws-event-service.git/prisma/db/db_gen.go:3501.67,3513.2 1 0
github.com/oskargbc/dws-event-service.git/prisma/db/db_gen.go:3515.77,3516.18 1 0
github.com/oskargbc/dws-event-service.git/prisma/db/db_gen.go:3516.18,3518.3 1 0
github.com/oskargbc/dws-event-service.git/prisma/db/db_gen.go:3519.2,3519.22 1 0
github.com/oskargbc/dws-event-service.git/prisma/db/db_gen.go:3522.72,3534.2 1 0
github.com/oskargbc/dws-event-service.git/prisma/db/db_gen.go:3536.82,3537.18 1 0
github.com/oskargbc/dws-event-service.git/prisma/db/db_gen.go:3537.18,3539.3 1 0
github.com/oskargbc/dws-event-service.git/prisma/db/db_gen.go:3540.2,3540.27 1 0
github.com/oskargbc/dws-event-service.git/prisma/db/db_gen.go:3543.74,3555.2 1 0
github.com/oskargbc/dws-event-service.git/prisma/db/db_gen.go:3557.84,3558.18 1 0
github.com/oskargbc/dws-event-service.git/prisma/db/db_gen.go:3558.18,3560.3 1 0
github.com/oskargbc/dws-event-service.git/prisma/db/db_gen.go:3561.2,3561.29 1 0
github.com/oskargbc/dws-event-service.git/prisma/db/db_gen.go:3564.72,3576.2 1 0
github.com/oskargbc/dws-event-service.git/prisma/db/db_gen.go:3578.82,3579.18 1 0
github.com/oskargbc/dws-event-service.git/prisma/db/db_gen.go:3579.18,3581.3 1 0
github.com/oskargbc/dws-event-service.git/prisma/db/db_gen.go:3582.2,3582.27 1 0
github.com/oskargbc/dws-event-service.git/prisma/db/db_gen.go:3585.71,3597.2 1 0
github.com/oskargbc/dws-event-service.git/prisma/db/db_gen.go:3599.81,3600.18 1 0
github.com/oskargbc/dws-event-service.git/prisma/db/db_gen.go:3600.18,3602.3 1 0
github.com/oskargbc/dws-event-service.git/prisma/db/db_gen.go:3603.2,3603.23 1 0
github.com/oskargbc/dws-event-service.git/prisma/db/db_gen.go:3606.67,3618.2 1 0
github.com/oskargbc/dws-event-service.git/prisma/db/db_gen.go:3620.77,3621.18 1 0
github.com/oskargbc/dws-event-service.git/prisma/db/db_gen.go:3621.18,3623.3 1 0
github.com/oskargbc/dws-event-service.git/prisma/db/db_gen.go:3624.2,3624.22 1 0
github.com/oskargbc/dws-event-service.git/prisma/db/db_gen.go:3629.73,3641.2 1 0
github.com/oskargbc/dws-event-service.git/prisma/db/db_gen.go:3644.83,3645.18 1 0
github.com/oskargbc/dws-event-service.git/prisma/db/db_gen.go:3645.18,3647.3 1 0
github.com/oskargbc/dws-event-service.git/prisma/db/db_gen.go:3648.2,3648.28 1 0
github.com/oskargbc/dws-event-service.git/prisma/db/db_gen.go:3653.73,3665.2 1 0
github.com/oskargbc/dws-event-service.git/prisma/db/db_gen.go:3668.83,3669.18 1 0
github.com/oskargbc/dws-event-service.git/prisma/db/db_gen.go:3669.18,3671.3 1 0
github.com/oskargbc/dws-event-service.git/prisma/db/db_gen.go:3672.2,3672.28 1 0
github.com/oskargbc/dws-event-service.git/prisma/db/db_gen.go:3675.57,3677.2 1 0
github.com/oskargbc/dws-event-service.git/prisma/db/db_gen.go:3683.91,3692.2 1 0
github.com/oskargbc/dws-event-service.git/prisma/db/db_gen.go:3695.101,3696.18 1 0
github.com/oskargbc/dws-event-service.git/prisma/db/db_gen.go:3696.18,3698.3 1 0
github.com/oskargbc/dws-event-service.git/prisma/db/db_gen.go:3700.2,3700.22 1 0
github.com/oskargbc/dws-event-service.git/prisma/db/db_gen.go:3703.97,3716.2 1 0
github.com/oskargbc/dws-event-service.git/prisma/db/db_gen.go:3718.107,3719.18 1 0
github.com/oskargbc/dws-event-service.git/prisma/db/db_gen.go:3719.18,3721.3 1 0
github.com/oskargbc/dws-event-service.git/prisma/db/db_gen.go:3722.2,3722.25 1 0
github.com/oskargbc/dws-event-service.git/prisma/db/db_gen.go:3725.83,3732.2 1 0
github.com/oskargbc/dws-event-service.git/prisma/db/db_gen.go:3734.77,3741.2 1 0
github.com/oskargbc/dws-event-service.git/prisma/db/db_gen.go:3743.75,3755.2 1 0
github.com/oskargbc/dws-event-service.git/prisma/db/db_gen.go:3757.84,3758.18 1 0
github.com/oskargbc/dws-event-service.git/prisma/db/db_gen.go:3758.18,3760.3 1 0
github.com/oskargbc/dws-event-service.git/prisma/db/db_gen.go:3761.2,3761.20 1 0
github.com/oskargbc/dws-event-service.git/prisma/db/db_gen.go:3764.78,3776.2 1 0
github.com/oskargbc/dws-event-service.git/prisma/db/db_gen.go:3778.87,3779.18 1 0
github.com/oskargbc/dws-event-service.git/prisma/db/db_gen.go:3779.18,3781.3 1 0
github.com/oskargbc/dws-event-service.git/prisma/db/db_gen.go:3782.2,3782.23 1 0
github.com/oskargbc/dws-event-service.git/prisma/db/db_gen.go:3785.73,3797.2 1 0
github.com/oskargbc/dws-event-service.git/prisma/db/db_gen.go:3799.83,3800.18 1 0
github.com/oskargbc/dws-event-service.git/prisma/db/db_gen.go:3800.18,3802.3 1 0
github.com/oskargbc/dws-event-service.git/prisma/db/db_gen.go:3803.2,3803.21 1 0
github.com/oskargbc/dws-event-service.git/prisma/db/db_gen.go:3806.74,3818.2 1 0
github.com/oskargbc/dws-event-service.git/prisma/db/db_gen.go:3820.84,3821.18 1 0
github.com/oskargbc/dws-event-service.git/prisma/db/db_gen.go:3821.18,3823.3 1 0
github.com/oskargbc/dws-event-service.git/prisma/db/db_gen.go:3824.2,3824.22 1 0
github.com/oskargbc/dws-event-service.git/prisma/db/db_gen.go:3827.73,3839.2 1 0
github.com/oskargbc/dws-event-service.git/prisma/db/db_gen.go:3841.83,3842.18 1 0
github.com/oskargbc/dws-event-service.git/prisma/db/db_gen.go:3842.18,3844.3 1 0
github.com/oskargbc/dws-event-service.git/prisma/db/db_gen.go:3845.2,3845.21 1 0
github.com/oskargbc/dws-event-service.git/prisma/db/db_gen.go:3848.74,3860.2 1 0
github.com/oskargbc/dws-event-service.git/prisma/db/db_gen.go:3862.84,3863.18 1 0
github.com/oskargbc/dws-event-service.git/prisma/db/db_gen.go:3863.18,3865.3 1 0
github.com/oskargbc/dws-event-service.git/prisma/db/db_gen.go:3866.2,3866.22 1 0
github.com/oskargbc/dws-event-service.git/prisma/db/db_gen.go:3869.79,3881.2 1 0
github.com/oskargbc/dws-event-service.git/prisma/db/db_gen.go:3883.89,3884.18 1 0
github.com/oskargbc/dws-event-service.git/prisma/db/db_gen.go:3884.18,3886.3 1 0
github.com/oskargbc/dws-event-service.git/prisma/db/db_gen.go:3887.2,3887.27 1 0
github.com/oskargbc/dws-event-service.git/prisma/db/db_gen.go:3890.81,3902.2 1 0
github.com/oskargbc/dws-event-service.git/prisma/db/db_gen.go:3904.91,3905.18 1 0
github.com/oskargbc/dws-event-service.git/prisma/db/db_gen.go:3905.18,3907.3 1 0
github.com/oskargbc/dws-event-service.git/prisma/db/db_gen.go:3908.2,3908.29 1 0
github.com/oskargbc/dws-event-service.git/prisma/db/db_gen.go:3911.79,3923.2 1 0
github.com/oskargbc/dws-event-service.git/prisma/db/db_gen.go:3925.89,3926.18 1 0
github.com/oskargbc/dws-event-service.git/prisma/db/db_gen.go:3926.18,3928.3 1 0
github.com/oskargbc/dws-event-service.git/prisma/db/db_gen.go:3929.2,3929.27 1 0
github.com/oskargbc/dws-event-service.git/prisma/db/db_gen.go:3932.78,3944.2 1 0
github.com/oskargbc/dws-event-service.git/prisma/db/db_gen.go:3946.88,3947.18 1 0
github.com/oskargbc/dws-event-service.git/prisma/db/db_gen.go:3947.18,3949.3 1 0
github.com/oskargbc/dws-event-service.git/prisma/db/db_gen.go:3950.2,3950.23 1 0
github.com/oskargbc/dws-event-service.git/prisma/db/db_gen.go:3953.74,3965.2 1 0
github.com/oskargbc/dws-event-service.git/prisma/db/db_gen.go:3967.84,3968.18 1 0
github.com/oskargbc/dws-event-service.git/prisma/db/db_gen.go:3968.18,3970.3 1 0
github.com/oskargbc/dws-event-service.git/prisma/db/db_gen.go:3971.2,3971.22 1 0
github.com/oskargbc/dws-event-service.git/prisma/db/db_gen.go:3976.80,3988.2 1 0
github.com/oskargbc/dws-event-service.git/prisma/db/db_gen.go:3991.90,3992.18 1 0
github.com/oskargbc/dws-event-service.git/prisma/db/db_gen.go:3992.18,3994.3 1 0
github.com/oskargbc/dws-event-service.git/prisma/db/db_gen.go:3995.2,3995.28 1 0
github.com/oskargbc/dws-event-service.git/prisma/db/db_gen.go:4000.80,4012.2 1 0
github.com/oskargbc/dws-event-service.git/prisma/db/db_gen.go:4015.90,4016.18 1 0
github.com/oskargbc/dws-event-service.git/prisma/db/db_gen.go:4016.18,4018.3 1 0
github.com/oskargbc/dws-event-service.git/prisma/db/db_gen.go:4019.2,4019.28 1 0
github.com/oskargbc/dws-event-service.git/prisma/db/db_gen.go:4022.64,4024.2 1 0
github.com/oskargbc/dws-event-service.git/prisma/db/db_gen.go:4030.91,4039.2 1 0
github.com/oskargbc/dws-event-service.git/prisma/db/db_gen.go:4042.101,4043.18 1 0
github.com/oskargbc/dws-event-service.git/prisma/db/db_gen.go:4043.18,4045.3 1 0
github.com/oskargbc/dws-event-service.git/prisma/db/db_gen.go:4047.2,4047.22 1 0
github.com/oskargbc/dws-event-service.git/prisma/db/db_gen.go:4050.97,4063.2 1 0
github.com/oskargbc/dws-event-service.git/prisma/db/db_gen.go:4065.107,4066.18 1 0
github.com/oskargbc/dws-event-service.git/prisma/db/db_gen.go:4066.18,4068.3 1 0
github.com/oskargbc/dws-event-service.git/prisma/db/db_gen.go:4069.2,4069.25 1 0
github.com/oskargbc/dws-event-service.git/prisma/db/db_gen.go:4072.83,4079.2 1 0
github.com/oskargbc/dws-event-service.git/prisma/db/db_gen.go:4081.79,4088.2 1 0
github.com/oskargbc/dws-event-service.git/prisma/db/db_gen.go:4090.77,4102.2 1 0
github.com/oskargbc/dws-event-service.git/prisma/db/db_gen.go:4104.86,4105.18 1 0
github.com/oskargbc/dws-event-service.git/prisma/db/db_gen.go:4105.18,4107.3 1 0
github.com/oskargbc/dws-event-service.git/prisma/db/db_gen.go:4108.2,4108.20 1 0
github.com/oskargbc/dws-event-service.git/prisma/db/db_gen.go:4111.80,4123.2 1 0
github.com/oskargbc/dws-event-service.git/prisma/db/db_gen.go:4125.89,4126.18 1 0
github.com/oskargbc/dws-event-service.git/prisma/db/db_gen.go:4126.18,4128.3 1 0
github.com/oskargbc/dws-event-service.git/prisma/db/db_gen.go:4129.2,4129.23 1 0
github.com/oskargbc/dws-event-service.git/prisma/db/db_gen.go:4132.75,4144.2 1 0
github.com/oskargbc/dws-event-service.git/prisma/db/db_gen.go:4146.85,4147.18 1 0
github.com/oskargbc/dws-event-service.git/prisma/db/db_gen.go:4147.18,4149.3 1 0
github.com/oskargbc/dws-event-service.git/prisma/db/db_gen.go:4150.2,4150.21 1 0
github.com/oskargbc/dws-event-service.git/prisma/db/db_gen.go:4153.76,4165.2 1 0
github.com/oskargbc/dws-event-service.git/prisma/db/db_gen.go:4167.86,4168.18 1 0
github.com/oskargbc/dws-event-service.git/prisma/db/db_gen.go:4168.18,4170.3 1 0
github.com/oskargbc/dws-event-service.git/prisma/db/db_gen.go:4171.2,4171.22 1 0
github.com/oskargbc/dws-event-service.git/prisma/db/db_gen.go:4174.75,4186.2 1 0
github.com/oskargbc/dws-event-service.git/prisma/db/db_gen.go:4188.85,4189.18 1 0
github.com/oskargbc/dws-event-service.git/prisma/db/db_gen.go:4189.18,4191.3 1 0
github.com/oskargbc/dws-event-service.git/prisma/db/db_gen.go:4192.2,4192.21 1 0
github.com/oskargbc/dws-event-service.git/prisma/db/db_gen.go:4195.76,4207.2 1 0
github.com/oskargbc/dws-event-service.git/prisma/db/db_gen.go:4209.86,4210.18 1 0
github.com/oskargbc/dws-event-service.git/prisma/db/db_gen.go:4210.18,4212.3 1 0
github.com/oskargbc/dws-event-service.git/prisma/db/db_gen.go:4213.2,4213.22 1 0
github.com/oskargbc/dws-event-service.git/prisma/db/db_gen.go:4216.76,4228.2 1 0
github.com/oskargbc/dws-event-service.git/prisma/db/db_gen.go:4230.86,4231.18 1 0
github.com/oskargbc/dws-event-service.git/prisma/db/db_gen.go:4231.18,4233.3 1 0
github.com/oskargbc/dws-event-service.git/prisma/db/db_gen.go:4234.2,4234.22 1 0
github.com/oskargbc/dws-event-service.git/prisma/db/db_gen.go:4239.79,4251.2 1 0
github.com/oskargbc/dws-event-service.git/prisma/db/db_gen.go:4254.89,4255.18 1 0
github.com/oskargbc/dws-event-service.git/prisma/db/db_gen.go:4255.18,4257.3 1 0
github.com/oskargbc/dws-event-service.git/prisma/db/db_gen.go:4258.2,4258.25 1 0
github.com/oskargbc/dws-event-service.git/prisma/db/db_gen.go:4263.78,4275.2 1 0
github.com/oskargbc/dws-event-service.git/prisma/db/db_gen.go:4278.88,4279.18 1 0
github.com/oskargbc/dws-event-service.git/prisma/db/db_gen.go:4279.18,4281.3 1 0
github.com/oskargbc/dws-event-service.git/prisma/db/db_gen.go:4282.2,4282.24 1 0
github.com/oskargbc/dws-event-service.git/prisma/db/db_gen.go:4287.85,4299.2 1 0
github.com/oskargbc/dws-event-service.git/prisma/db/db_gen.go:4302.95,4303.18 1 0
github.com/oskargbc/dws-event-service.git/prisma/db/db_gen.go:4303.18,4305.3 1 0
github.com/oskargbc/dws-event-service.git/prisma/db/db_gen.go:4306.2,4306.31 1 0
github.com/oskargbc/dws-event-service.git/prisma/db/db_gen.go:4311.84,4323.2 1 0
github.com/oskargbc/dws-event-service.git/prisma/db/db_gen.go:4326.94,4327.18 1 0
github.com/oskargbc/dws-event-service.git/prisma/db/db_gen.go:4327.18,4329.3 1 0
github.com/oskargbc/dws-event-service.git/prisma/db/db_gen.go:4330.2,4330.30 1 0
github.com/oskargbc/dws-event-service.git/prisma/db/db_gen.go:4333.64,4335.2 1 0
github.com/oskargbc/dws-event-service.git/prisma/db/db_gen.go:4341.91,4350.2 1 0
github.com/oskargbc/dws-event-service.git/prisma/db/db_gen.go:4353.101,4354.18 1 0
github.com/oskargbc/dws-event-service.git/prisma/db/db_gen.go:4354.18,4356.3 1 0
github.com/oskargbc/dws-event-service.git/prisma/db/db_gen.go:4358.2,4358.22 1 0
github.com/oskargbc/dws-event-service.git/prisma/db/db_gen.go:4361.97,4374.2 1 0
github.com/oskargbc/dws-event-service.git/prisma/db/db_gen.go:4376.107,4377.18 1 0
github.com/oskargbc/dws-event-service.git/prisma/db/db_gen.go:4377.18,4379.3 1 0
github.com/oskargbc/dws-event-service.git/prisma/db/db_gen.go:4380.2,4380.25 1 0
github.com/oskargbc/dws-event-service.git/prisma/db/db_gen.go:4383.83,4390.2 1 0
github.com/oskargbc/dws-event-service.git/prisma/db/db_gen.go:4392.79,4399.2 1 0
github.com/oskargbc/dws-event-service.git/prisma/db/db_gen.go:4401.77,4413.2 1 0
github.com/oskargbc/dws-event-service.git/prisma/db/db_gen.go:4415.86,4416.18 1 0
github.com/oskargbc/dws-event-service.git/prisma/db/db_gen.go:4416.18,4418.3 1 0
github.com/oskargbc/dws-event-service.git/prisma/db/db_gen.go:4419.2,4419.20 1 0
github.com/oskargbc/dws-event-service.git/prisma/db/db_gen.go:4422.80,4434.2 1 0
github.com/oskargbc/dws-event-service.git/prisma/db/db_gen.go:4436.89,4437.18 1 0
github.com/oskargbc/dws-event-service.git/prisma/db/db_gen.go:4437.18,4439.3 1 0
github.com/oskargbc/dws-event-service.git/prisma/db/db_gen.go:4440.2,4440.23 1 0
github.com/oskargbc/dws-event-service.git/prisma/db/db_gen.go:4443.75,4455.2 1 0
github.com/oskargbc/dws-event-service.git/prisma/db/db_gen.go:4457.85,4458.18 1 0
github.com/oskargbc/dws-event-service.git/prisma/db/db_gen.go:4458.18,4460.3 1 0
github.com/oskargbc/dws-event-service.git/prisma/db/db_gen.go:4461.2,4461.21 1 0
github.com/oskargbc/dws-event-service.git/prisma/db/db_gen.go:4464.76,4476.2 1 0
github.com/oskargbc/dws-event-service.git/prisma/db/db_gen.go:4478.86,4479.18 1 0
github.com/oskargbc/dws-event-service.git/prisma/db/db_gen.go:4479.18,4481.3 1 0
github.com/oskargbc/dws-event-service.git/prisma/db/db_gen.go:4482.2,4482.22 1 0
github.com/oskargbc/dws-event-service.git/prisma/db/db_gen.go:4485.75,4497.2 1 0
github.com/oskargbc/dws-event-service.git/prisma/db/db_gen.go:4499.85,4500.18 1 0
github.com/oskargbc/dws-event-service.git/prisma/db/db_gen.go:4500.18,4502.3 1 0
github.com/oskargbc/dws-event-service.git/prisma/db/db_gen.go:4503.2,4503.21 1 0
github.com/oskargbc/dws-event-service.git/prisma/db/db_gen.go:4506.76,4518.2 1 0
github.com/oskargbc/dws-event-service.git/prisma/db/db_gen.go:4520.86,4521.18 1 0
github.com/oskargbc/dws-event-service.git/prisma/db/db_gen.go:4521.18,4523.3 1 0
github.com/oskargbc/dws-event-service.git/prisma/db/db_gen.go:4524.2,4524.22 1 0
github.com/oskargbc/dws-event-service.git/prisma/db/db_gen.go:4527.76,4539.2 1 0
github.com/oskargbc/dws-event-service.git/prisma/db/db_gen.go:4541.86,4542.18 1 0
github.com/oskargbc/dws-event-service.git/prisma/db/db_gen.go:4542.18,4544.3 1 0
github.com/oskargbc/dws-event-service.git/prisma/db/db_gen.go:4545.2,4545.22 1 0
github.com/oskargbc/dws-event-service.git/prisma/db/db_gen.go:4550.79,4562.2 1 0
github.com/oskargbc/dws-event-service.git/prisma/db/db_gen.go:4565.89,4566.18 1 0
github.com/oskargbc/dws-event-service.git/prisma/db/db_gen.go:4566.18,4568.3 1 0
github.com/oskargbc/dws-event-service.git/prisma/db/db_gen.go:4569.2,4569.25 1 0
github.com/oskargbc/dws-event-service.git/prisma/db/db_gen.go:4574.78,4586.2 1 0
github.com/oskargbc/dws-event-service.git/prisma/db/db_gen.go:4589.88,4590.18 1 0
github.com/oskargbc/dws-event-service.git/prisma/db/db_gen.go:4590.18,4592.3 1 0
github.com/oskargbc/dws-event-service.git/prisma/db/db_gen.go:4593.2,4593.24 1 0
github.com/oskargbc/dws-event-service.git/prisma/db/db_gen.go:4598.85,4610.2 1 0
github.com/oskargbc/dws-event-service.git/prisma/db/db_gen.go:4613.95,4614.18 1 0
github.com/oskargbc/dws-event-service.git/prisma/db/db_gen.go:4614.18,4616.3 1 0
github.com/oskargbc/dws-event-service.git/prisma/db/db_gen.go:4617.2,4617.31 1 0
github.com/oskargbc/dws-event-service.git/prisma/db/db_gen.go:4622.84,4634.2 1 0
github.com/oskargbc/dws-event-service.git/prisma/db/db_gen.go:4637.94,4638.18 1 0
github.com/oskargbc/dws-event-service.git/prisma/db/db_gen.go:4638.18,4640.3 1 0
github.com/oskargbc/dws-event-service.git/prisma/db/db_gen.go:4641.2,4641.30 1 0
github.com/oskargbc/dws-event-service.git/prisma/db/db_gen.go:4644.64,4646.2 1 0
github.com/oskargbc/dws-event-service.git/prisma/db/db_gen.go:4652.81,4661.2 1 0
github.com/oskargbc/dws-event-service.git/prisma/db/db_gen.go:4664.91,4665.18 1 0
github.com/oskargbc/dws-event-service.git/prisma/db/db_gen.go:4665.18,4667.3 1 0
github.com/oskargbc/dws-event-service.git/prisma/db/db_gen.go:4669.2,4669.22 1 0
github.com/oskargbc/dws-event-service.git/prisma/db/db_gen.go:4673.87,4685.2 1 0
github.com/oskargbc/dws-event-service.git/prisma/db/db_gen.go:4687.97,4688.18 1 0
github.com/oskargbc/dws-event-service.git/prisma/db/db_gen.go:4688.18,4690.3 1 0
github.com/oskargbc/dws-event-service.git/prisma/db/db_gen.go:4691.2,4691.28 1 0
github.com/oskargbc/dws-event-service.git/prisma/db/db_gen.go:4695.87,4707.2 1 0
github.com/oskargbc/dws-event-service.git/prisma/db/db_gen.go:4709.97,4710.18 1 0
github.com/oskargbc/dws-event-service.git/prisma/db/db_gen.go:4710.18,4712.3 1 0
github.com/oskargbc/dws-event-service.git/prisma/db/db_gen.go:4713.2,4713.28 1 0
github.com/oskargbc/dws-event-service.git/prisma/db/db_gen.go:4717.86,4729.2 1 0
github.com/oskargbc/dws-event-service.git/prisma/db/db_gen.go:4731.96,4732.18 1 0
github.com/oskargbc/dws-event-service.git/prisma/db/db_gen.go:4732.18,4734.3 1 0
github.com/oskargbc/dws-event-service.git/prisma/db/db_gen.go:4735.2,4735.27 1 0
github.com/oskargbc/dws-event-service.git/prisma/db/db_gen.go:4739.84,4751.2 1 0
github.com/oskargbc/dws-event-service.git/prisma/db/db_gen.go:4753.94,4754.18 1 0
github.com/oskargbc/dws-event-service.git/prisma/db/db_gen.go:4754.18,4756.3 1 0
github.com/oskargbc/dws-event-service.git/prisma/db/db_gen.go:4757.2,4757.25 1 0
github.com/oskargbc/dws-event-service.git/prisma/db/db_gen.go:4760.87,4773.2 1 0
github.com/oskargbc/dws-event-service.git/prisma/db/db_gen.go:4775.97,4776.18 1 0
github.com/oskargbc/dws-event-service.git/prisma/db/db_gen.go:4776.18,4778.3 1 0
github.com/oskargbc/dws-event-service.git/prisma/db/db_gen.go:4779.2,4779.25 1 0
github.com/oskargbc/dws-event-service.git/prisma/db/db_gen.go:4782.78,4789.2 1 0
github.com/oskargbc/dws-event-service.git/prisma/db/db_gen.go:4791.73,4798.2 1 0
github.com/oskargbc/dws-event-service.git/prisma/db/db_gen.go:4800.71,4812.2 1 0
github.com/oskargbc/dws-event-service.git/prisma/db/db_gen.go:4814.80,4815.18 1 0
github.com/oskargbc/dws-event-service.git/prisma/db/db_gen.go:4815.18,4817.3 1 0
github.com/oskargbc/dws-event-service.git/prisma/db/db_gen.go:4818.2,4818.20 1 0
github.com/oskargbc/dws-event-service.git/prisma/db/db_gen.go:4821.74,4833.2 1 0
github.com/oskargbc/dws-event-service.git/prisma/db/db_gen.go:4835.83,4836.18 1 0
github.com/oskargbc/dws-event-service.git/prisma/db/db_gen.go:4836.18,4838.3 1 0
github.com/oskargbc/dws-event-service.git/prisma/db/db_gen.go:4839.2,4839.23 1 0
github.com/oskargbc/dws-event-service.git/prisma/db/db_gen.go:4842.69,4854.2 1 0
github.com/oskargbc/dws-event-service.git/prisma/db/db_gen.go:4856.79,4857.18 1 0
github.com/oskargbc/dws-event-service.git/prisma/db/db_gen.go:4857.18,4859.3 1 0
github.com/oskargbc/dws-event-service.git/prisma/db/db_gen.go:4860.2,4860.21 1 0
github.com/oskargbc/dws-event-service.git/prisma/db/db_gen.go:4863.70,4875.2 1 0
github.com/oskargbc/dws-event-service.git/prisma/db/db_gen.go:4877.80,4878.18 1 0
github.com/oskargbc/dws-event-service.git/prisma/db/db_gen.go:4878.18,4880.3 1 0
github.com/oskargbc/dws-event-service.git/prisma/db/db_gen.go:4881.2,4881.22 1 0
github.com/oskargbc/dws-event-service.git/prisma/db/db_gen.go:4884.69,4896.2 1 0
github.com/oskargbc/dws-event-service.git/prisma/db/db_gen.go:4898.79,4899.18 1 0
github.com/oskargbc/dws-event-service.git/prisma/db/db_gen.go:4899.18,4901.3 1 0
github.com/oskargbc/dws-event-service.git/prisma/db/db_gen.go:4902.2,4902.21 1 0
github.com/oskargbc/dws-event-service.git/prisma/db/db_gen.go:4905.70,4917.2 1 0
github.com/oskargbc/dws-event-service.git/prisma/db/db_gen.go:4919.80,4920.18 1 0
github.com/oskargbc/dws-event-service.git/prisma/db/db_gen.go:4920.18,4922.3 1 0
github.com/oskargbc/dws-event-service.git/prisma/db/db_gen.go:4923.2,4923.22 1 0
github.com/oskargbc/dws-event-service.git/prisma/db/db_gen.go:4926.70,4938.2 1 0
github.com/oskargbc/dws-event-service.git/prisma/db/db_gen.go:4940.80,4941.18 1 0
github.com/oskargbc/dws-event-service.git/prisma/db/db_gen.go:4941.18,4943.3 1 0
github.com/oskargbc/dws-event-service.git/prisma/db/db_gen.go:4944.2,4944.22 1 0
github.com/oskargbc/dws-event-service.git/prisma/db/db_gen.go:4947.59,4949.2 1 0
github.com/oskargbc/dws-event-service.git/prisma/db/db_gen.go:4955.87,4964.2 1 0
github.com/oskargbc/dws-event-service.git/prisma/db/db_gen.go:4967.97,4968.18 1 0
github.com/oskargbc/dws-event-service.git/prisma/db/db_gen.go:4968.18,4970.3 1 0
github.com/oskargbc/dws-event-service.git/prisma/db/db_gen.go:4972.2,4972.22 1 0
github.com/oskargbc/dws-event-service.git/prisma/db/db_gen.go:4975.93,4988.2 1 0
github.com/oskargbc/dws-event-service.git/prisma/db/db_gen.go:4990.103,4991.18 1 0
github.com/oskargbc/dws-event-service.git/prisma/db/db_gen.go:4991.18,4993.3 1 0
github.com/oskargbc/dws-event-service.git/prisma/db/db_gen.go:4994.2,4994.25 1 0
github.com/oskargbc/dws-event-service.git/prisma/db/db_gen.go:4997.81,5004.2 1 0
github.com/oskargbc/dws-event-service.git/prisma/db/db_gen.go:5006.77,5013.2 1 0
github.com/oskargbc/dws-event-service.git/prisma/db/db_gen.go:5015.75,5027.2 1 0
github.com/oskargbc/dws-event-service.git/prisma/db/db_gen.go:5029.84,5030.18 1 0
github.com/oskargbc/dws-event-service.git/prisma/db/db_gen.go:5030.18,5032.3 1 0
github.com/oskargbc/dws-event-service.git/prisma/db/db_gen.go:5033.2,5033.20 1 0
github.com/oskargbc/dws-event-service.git/prisma/db/db_gen.go:5036.78,5048.2 1 0
github.com/oskargbc/dws-event-service.git/prisma/db/db_gen.go:5050.87,5051.18 1 0
github.com/oskargbc/dws-event-service.git/prisma/db/db_gen.go:5051.18,5053.3 1 0
github.com/oskargbc/dws-event-service.git/prisma/db/db_gen.go:5054.2,5054.23 1 0
github.com/oskargbc/dws-event-service.git/prisma/db/db_gen.go:5057.73,5069.2 1 0
github.com/oskargbc/dws-event-service.git/prisma/db/db_gen.go:5071.83,5072.18 1 0
github.com/oskargbc/dws-event-service.git/prisma/db/db_gen.go:5072.18,5074.3 1 0
github.com/oskargbc/dws-event-service.git/prisma/db/db_gen.go:5075.2,5075.21 1 0
github.com/oskargbc/dws-event-service.git/prisma/db/db_gen.go:5078.74,5090.2 1 0
github.com/oskargbc/dws-event-service.git/prisma/db/db_gen.go:5092.84,5093.18 1 0
github.com/oskargbc/dws-event-service.git/prisma/db/db_gen.go:5093.18,5095.3 1 0
github.com/oskargbc/dws-event-service.git/prisma/db/db_gen.go:5096.2,5096.22 1 0
github.com/oskargbc/dws-event-service.git/prisma/db/db_gen.go:5099.73,5111.2 1 0
github.com/oskargbc/dws-event-service.git/prisma/db/db_gen.go:5113.83,5114.18 1 0
github.com/oskargbc/dws-event-service.git/prisma/db/db_gen.go:5114.18,5116.3 1 0
github.com/oskargbc/dws-event-service.git/prisma/db/db_gen.go:5117.2,5117.21 1 0
github.com/oskargbc/dws-event-service.git/prisma/db/db_gen.go:5120.74,5132.2 1 0
github.com/oskargbc/dws-event-service.git/prisma/db/db_gen.go:5134.84,5135.18 1 0
github.com/oskargbc/dws-event-service.git/prisma/db/db_gen.go:5135.18,5137.3 1 0
github.com/oskargbc/dws-event-service.git/prisma/db/db_gen.go:5138.2,5138.22 1 0
github.com/oskargbc/dws-event-service.git/prisma/db/db_gen.go:5141.74,5153.2 1 0
github.com/oskargbc/dws-event-service.git/prisma/db/db_gen.go:5155.84,5156.18 1 0
github.com/oskargbc/dws-event-service.git/prisma/db/db_gen.go:5156.18,5158.3 1 0
github.com/oskargbc/dws-event-service.git/prisma/db/db_gen.go:5159.2,5159.22 1 0
github.com/oskargbc/dws-event-service.git/prisma/db/db_gen.go:5164.77,5176.2 1 0
github.com/oskargbc/dws-event-service.git/prisma/db/db_gen.go:5179.87,5180.18 1 0
github.com/oskargbc/dws-event-service.git/prisma/db/db_gen.go:5180.18,5182.3 1 0
github.com/oskargbc/dws-event-service.git/prisma/db/db_gen.go:5183.2,5183.25 1 0
github.com/oskargbc/dws-event-service.git/prisma/db/db_gen.go:5188.76,5200.2 1 0
github.com/oskargbc/dws-event-service.git/prisma/db/db_gen.go:5203.86,5204.18 1 0
github.com/oskargbc/dws-event-service.git/prisma/db/db_gen.go:5204.18,5206.3 1 0
github.com/oskargbc/dws-event-service.git/prisma/db/db_gen.go:5207.2,5207.24 1 0
github.com/oskargbc/dws-event-service.git/prisma/db/db_gen.go:5212.83,5224.2 1 0
github.com/oskargbc/dws-event-service.git/prisma/db/db_gen.go:5227.93,5228.18 1 0
github.com/oskargbc/dws-event-service.git/prisma/db/db_gen.go:5228.18,5230.3 1 0
github.com/oskargbc/dws-event-service.git/prisma/db/db_gen.go:5231.2,5231.31 1 0
github.com/oskargbc/dws-event-service.git/prisma/db/db_gen.go:5236.82,5248.2 1 0
github.com/oskargbc/dws-event-service.git/prisma/db/db_gen.go:5251.92,5252.18 1 0
github.com/oskargbc/dws-event-service.git/prisma/db/db_gen.go:5252.18,5254.3 1 0
github.com/oskargbc/dws-event-service.git/prisma/db/db_gen.go:5255.2,5255.30 1 0
github.com/oskargbc/dws-event-service.git/prisma/db/db_gen.go:5258.62,5260.2 1 0
github.com/oskargbc/dws-event-service.git/prisma/db/db_gen.go:5266.85,5275.2 1 0
github.com/oskargbc/dws-event-service.git/prisma/db/db_gen.go:5278.95,5279.18 1 0
github.com/oskargbc/dws-event-service.git/prisma/db/db_gen.go:5279.18,5281.3 1 0
github.com/oskargbc/dws-event-service.git/prisma/db/db_gen.go:5283.2,5283.22 1 0
github.com/oskargbc/dws-event-service.git/prisma/db/db_gen.go:5286.91,5299.2 1 0
github.com/oskargbc/dws-event-service.git/prisma/db/db_gen.go:5301.101,5302.18 1 0
github.com/oskargbc/dws-event-service.git/prisma/db/db_gen.go:5302.18,5304.3 1 0
github.com/oskargbc/dws-event-service.git/prisma/db/db_gen.go:5305.2,5305.25 1 0
github.com/oskargbc/dws-event-service.git/prisma/db/db_gen.go:5308.80,5315.2 1 0
github.com/oskargbc/dws-event-service.git/prisma/db/db_gen.go:5317.74,5324.2 1 0
github.com/oskargbc/dws-event-service.git/prisma/db/db_gen.go:5326.72,5338.2 1 0
github.com/oskargbc/dws-event-service.git/prisma/db/db_gen.go:5340.81,5341.18 1 0
github.com/oskargbc/dws-event-service.git/prisma/db/db_gen.go:5341.18,5343.3 1 0
github.com/oskargbc/dws-event-service.git/prisma/db/db_gen.go:5344.2,5344.20 1 0
github.com/oskargbc/dws-event-service.git/prisma/db/db_gen.go:5347.75,5359.2 1 0
github.com/oskargbc/dws-event-service.git/prisma/db/db_gen.go:5361.84,5362.18 1 0
github.com/oskargbc/dws-event-service.git/prisma/db/db_gen.go:5362.18,5364.3 1 0
github.com/oskargbc/dws-event-service.git/prisma/db/db_gen.go:5365.2,5365.23 1 0
github.com/oskargbc/dws-event-service.git/prisma/db/db_gen.go:5368.70,5380.2 1 0
github.com/oskargbc/dws-event-service.git/prisma/db/db_gen.go:5382.80,5383.18 1 0
github.com/oskargbc/dws-event-service.git/prisma/db/db_gen.go:5383.18,5385.3 1 0
github.com/oskargbc/dws-event-service.git/prisma/db/db_gen.go:5386.2,5386.21 1 0
github.com/oskargbc/dws-event-service.git/prisma/db/db_gen.go:5389.71,5401.2 1 0
github.com/oskargbc/dws-event-service.git/prisma/db/db_gen.go:5403.81,5404.18 1 0
github.com/oskargbc/dws-event-service.git/prisma/db/db_gen.go:5404.18,5406.3 1 0
github.com/oskargbc/dws-event-service.git/prisma/db/db_gen.go:5407.2,5407.22 1 0
github.com/oskargbc/dws-event-service.git/prisma/db/db_gen.go:5410.70,5422.2 1 0
github.com/oskargbc/dws-event-service.git/prisma/db/db_gen.go:5424.80,5425.18 1 0
github.com/oskargbc/dws-event-service.git/prisma/db/db_gen.go:5425.18,5427.3 1 0
github.com/oskargbc/dws-event-service.git/prisma/db/db_gen.go:5428.2,5428.21 1 0
github.com/oskargbc/dws-event-service.git/prisma/db/db_gen.go:5431.71,5443.2 1 0
github.com/oskargbc/dws-event-service.git/prisma/db/db_gen.go:5445.81,5446.18 1 0
github.com/oskargbc/dws-event-service.git/prisma/db/db_gen.go:5446.18,5448.3 1 0
github.com/oskargbc/dws-event-service.git/prisma/db/db_gen.go:5449.2,5449.22 1 0
github.com/oskargbc/dws-event-service.git/prisma/db/db_gen.go:5452.76,5464.2 1 0
github.com/oskargbc/dws-event-service.git/prisma/db/db_gen.go:5466.86,5467.18 1 0
github.com/oskargbc/dws-event-service.git/prisma/db/db_gen.go:5467.18,5469.3 1 0
github.com/oskargbc/dws-event-service.git/prisma/db/db_gen.go:5470.2,5470.27 1 0
github.com/oskargbc/dws-event-service.git/prisma/db/db_gen.go:5473.78,5485.2 1 0
github.com/oskargbc/dws-event-service.git/prisma/db/db_gen.go:5487.88,5488.18 1 0
github.com/oskargbc/dws-event-service.git/prisma/db/db_gen.go:5488.18,5490.3 1 0
github.com/oskargbc/dws-event-service.git/prisma/db/db_gen.go:5491.2,5491.29 1 0
github.com/oskargbc/dws-event-service.git/prisma/db/db_gen.go:5494.76,5506.2 1 0
github.com/oskargbc/dws-event-service.git/prisma/db/db_gen.go:5508.86,5509.18 1 0
github.com/oskargbc/dws-event-service.git/prisma/db/db_gen.go:5509.18,5511.3 1 0
github.com/oskargbc/dws-event-service.git/prisma/db/db_gen.go:5512.2,5512.27 1 0
github.com/oskargbc/dws-event-service.git/prisma/db/db_gen.go:5515.75,5527.2 1 0
github.com/oskargbc/dws-event-service.git/prisma/db/db_gen.go:5529.85,5530.18 1 0
github.com/oskargbc/dws-event-service.git/prisma/db/db_gen.go:5530.18,5532.3 1 0
github.com/oskargbc/dws-event-service.git/prisma/db/db_gen.go:5533.2,5533.23 1 0
github.com/oskargbc/dws-event-service.git/prisma/db/db_gen.go:5536.71,5548.2 1 0
github.com/oskargbc/dws-event-service.git/prisma/db/db_gen.go:5550.81,5551.18 1 0
github.com/oskargbc/dws-event-service.git/prisma/db/db_gen.go:5551.18,5553.3 1 0
github.com/oskargbc/dws-event-service.git/prisma/db/db_gen.go:5554.2,5554.22 1 0
github.com/oskargbc/dws-event-service.git/prisma/db/db_gen.go:5559.77,5571.2 1 0
github.com/oskargbc/dws-event-service.git/prisma/db/db_gen.go:5574.87,5575.18 1 0
github.com/oskargbc/dws-event-service.git/prisma/db/db_gen.go:5575.18,5577.3 1 0
github.com/oskargbc/dws-event-service.git/prisma/db/db_gen.go:5578.2,5578.28 1 0
github.com/oskargbc/dws-event-service.git/prisma/db/db_gen.go:5583.77,5595.2 1 0
github.com/oskargbc/dws-event-service.git/prisma/db/db_gen.go:5598.87,5599.18 1 0
github.com/oskargbc/dws-event-service.git/prisma/db/db_gen.go:5599.18,5601.3 1 0
github.com/oskargbc/dws-event-service.git/prisma/db/db_gen.go:5602.2,5602.28 1 0
github.com/oskargbc/dws-event-service.git/prisma/db/db_gen.go:5605.61,5607.2 1 0
github.com/oskargbc/dws-event-service.git/prisma/db/db_gen.go:5613.79,5622.2 1 0
github.com/oskargbc/dws-event-service.git/prisma/db/db_gen.go:5625.89,5626.18 1 0
github.com/oskargbc/dws-event-service.git/prisma/db/db_gen.go:5626.18,5628.3 1 0
github.com/oskargbc/dws-event-service.git/prisma/db/db_gen.go:5630.2,5630.22 1 0
github.com/oskargbc/dws-event-service.git/prisma/db/db_gen.go:5634.85,5646.2 1 0
github.com/oskargbc/dws-event-service.git/prisma/db/db_gen.go:5648.95,5649.18 1 0
github.com/oskargbc/dws-event-service.git/prisma/db/db_gen.go:5649.18,5651.3 1 0
github.com/oskargbc/dws-event-service.git/prisma/db/db_gen.go:5652.2,5652.28 1 0
github.com/oskargbc/dws-event-service.git/prisma/db/db_gen.go:5656.85,5668.2 1 0
github.com/oskargbc/dws-event-service.git/prisma/db/db_gen.go:5670.95,5671.18 1 0
github.com/oskargbc/dws-event-service.git/prisma/db/db_gen.go:5671.18,5673.3 1 0
github.com/oskargbc/dws-event-service.git/prisma/db/db_gen.go:5674.2,5674.28 1 0
github.com/oskargbc/dws-event-service.git/prisma/db/db_gen.go:5678.84,5690.2 1 0
github.com/oskargbc/dws-event-service.git/prisma/db/db_gen.go:5692.94,5693.18 1 0
github.com/oskargbc/dws-event-service.git/prisma/db/db_gen.go:5693.18,5695.3 1 0
github.com/oskargbc/dws-event-service.git/prisma/db/db_gen.go:5696.2,5696.27 1 0
github.com/oskargbc/dws-event-service.git/prisma/db/db_gen.go:5700.82,5712.2 1 0
github.com/oskargbc/dws-event-service.git/prisma/db/db_gen.go:5714.92,5715.18 1 0
github.com/oskargbc/dws-event-service.git/prisma/db/db_gen.go:5715.18,5717.3 1 0
github.com/oskargbc/dws-event-service.git/prisma/db/db_gen.go:5718.2,5718.25 1 0
github.com/oskargbc/dws-event-service.git/prisma/db/db_gen.go:5721.85,5734.2 1 0
github.com/oskargbc/dws-event-service.git/prisma/db/db_gen.go:5736.95,5737.18 1 0
github.com/oskargbc/dws-event-service.git/prisma/db/db_gen.go:5737.18,5739.3 1 0
github.com/oskargbc/dws-event-service.git/prisma/db/db_gen.go:5740.2,5740.25 1 0
github.com/oskargbc/dws-event-service.git/prisma/db/db_gen.go:5743.77,5750.2 1 0
github.com/oskargbc/dws-event-service.git/prisma/db/db_gen.go:5752.68,5759.2 1 0
github.com/oskargbc/dws-event-service.git/prisma/db/db_gen.go:5761.66,5773.2 1 0
github.com/oskargbc/dws-event-service.git/prisma/db/db_gen.go:5775.75,5776.18 1 0
github.com/oskargbc/dws-event-service.git/prisma/db/db_gen.go:5776.18,5778.3 1 0
github.com/oskargbc/dws-event-service.git/prisma/db/db_gen.go:5779.2,5779.20 1 0
github.com/oskargbc/dws-event-service.git/prisma/db/db_gen.go:5782.69,5794.2 1 0
github.com/oskargbc/dws-event-service.git/prisma/db/db_gen.go:5796.78,5797.18 1 0
github.com/oskargbc/dws-event-service.git/prisma/db/db_gen.go:5797.18,5799.3 1 0
github.com/oskargbc/dws-event-service.git/prisma/db/db_gen.go:5800.2,5800.23 1 0
github.com/oskargbc/dws-event-service.git/prisma/db/db_gen.go:5803.64,5815.2 1 0
github.com/oskargbc/dws-event-service.git/prisma/db/db_gen.go:5817.74,5818.18 1 0
github.com/oskargbc/dws-event-service.git/prisma/db/db_gen.go:5818.18,5820.3 1 0
github.com/oskargbc/dws-event-service.git/prisma/db/db_gen.go:5821.2,5821.21 1 0
github.com/oskargbc/dws-event-service.git/prisma/db/db_gen.go:5824.65,5836.2 1 0
github.com/oskargbc/dws-event-service.git/prisma/db/db_gen.go:5838.75,5839.18 1 0
github.com/oskargbc/dws-event-service.git/prisma/db/db_gen.go:5839.18,5841.3 1 0
github.com/oskargbc/dws-event-service.git/prisma/db/db_gen.go:5842.2,5842.22 1 0
github.com/oskargbc/dws-event-service.git/prisma/db/db_gen.go:5845.64,5857.2 1 0
[...]
github.com/oskargbc/dws-event-service.git/prisma/db/db_gen.go:11570.31,11574.3 1 0
github.com/oskargbc/dws-event-service.git/prisma/db/db_gen.go:11576.2,11578.10 2 0
github.com/oskargbc/dws-event-service.git/prisma/db/db_gen.go:11581.94,11585.31 3 0
github.com/oskargbc/dws-event-service.git/prisma/db/db_gen.go:11585.31,11587.3 1 0
github.com/oskargbc/dws-event-service.git/prisma/db/db_gen.go:11589.2,11589.37 1 0
github.com/oskargbc/dws-event-service.git/prisma/db/db_gen.go:11589.37,11590.41 1 0
github.com/oskargbc/dws-event-service.git/prisma/db/db_gen.go:11590.41,11592.4 1 0
github.com/oskargbc/dws-event-service.git/prisma/db/db_gen.go:11595.2,11597.10 2 0
github.com/oskargbc/dws-event-service.git/prisma/db/db_gen.go:11600.101,11603.31 2 0
github.com/oskargbc/dws-event-service.git/prisma/db/db_gen.go:11603.31,11609.3 1 0
github.com/oskargbc/dws-event-service.git/prisma/db/db_gen.go:11611.2,11617.10 2 0
github.com/oskargbc/dws-event-service.git/prisma/db/db_gen.go:11620.76,11626.2 2 0
github.com/oskargbc/dws-event-service.git/prisma/db/db_gen.go:11628.76,11634.2 2 0
github.com/oskargbc/dws-event-service.git/prisma/db/db_gen.go:11636.92,11642.2 2 0
github.com/oskargbc/dws-event-service.git/prisma/db/db_gen.go:11647.3,11649.46 2 0
github.com/oskargbc/dws-event-service.git/prisma/db/db_gen.go:11649.46,11651.3 1 0
github.com/oskargbc/dws-event-service.git/prisma/db/db_gen.go:11653.2,11653.15 1 0
github.com/oskargbc/dws-event-service.git/prisma/db/db_gen.go:11659.3,11661.46 2 0
github.com/oskargbc/dws-event-service.git/prisma/db/db_gen.go:11661.46,11663.3 1 0
github.com/oskargbc/dws-event-service.git/prisma/db/db_gen.go:11665.2,11665.15 1 0
github.com/oskargbc/dws-event-service.git/prisma/db/db_gen.go:11668.94,11678.27 8 0
github.com/oskargbc/dws-event-service.git/prisma/db/db_gen.go:11678.27,11683.36 3 0
github.com/oskargbc/dws-event-service.git/prisma/db/db_gen.go:11683.36,11693.4 3 0
github.com/oskargbc/dws-event-service.git/prisma/db/db_gen.go:11695.3,11695.33 1 0
github.com/oskargbc/dws-event-service.git/prisma/db/db_gen.go:11697.2,11701.10 2 0
github.com/oskargbc/dws-event-service.git/prisma/db/db_gen.go:11708.66,11710.2 1 0
github.com/oskargbc/dws-event-service.git/prisma/db/db_gen.go:11712.51,11712.52 0 0
github.com/oskargbc/dws-event-service.git/prisma/db/db_gen.go:11714.85,11716.46 2 0
github.com/oskargbc/dws-event-service.git/prisma/db/db_gen.go:11716.46,11718.3 1 0
github.com/oskargbc/dws-event-service.git/prisma/db/db_gen.go:11719.2,11719.16 1 0
github.com/oskargbc/dws-event-service.git/prisma/db/db_gen.go:11722.60,11727.2 4 0
github.com/oskargbc/dws-event-service.git/prisma/db/db_gen.go:11729.71,11739.2 7 0
github.com/oskargbc/dws-event-service.git/prisma/db/db_gen.go:11745.66,11747.2 1 0
github.com/oskargbc/dws-event-service.git/prisma/db/db_gen.go:11749.51,11749.52 0 0
github.com/oskargbc/dws-event-service.git/prisma/db/db_gen.go:11751.85,11753.46 2 0
github.com/oskargbc/dws-event-service.git/prisma/db/db_gen.go:11753.46,11755.3 1 0
github.com/oskargbc/dws-event-service.git/prisma/db/db_gen.go:11756.2,11756.16 1 0
github.com/oskargbc/dws-event-service.git/prisma/db/db_gen.go:11759.60,11764.2 4 0
github.com/oskargbc/dws-event-service.git/prisma/db/db_gen.go:11770.51,11772.2 1 0
github.com/oskargbc/dws-event-service.git/prisma/db/db_gen.go:11774.55,11776.2 1 0
github.com/oskargbc/dws-event-service.git/prisma/db/db_gen.go:11778.43,11778.44 0 0
github.com/oskargbc/dws-event-service.git/prisma/db/db_gen.go:11779.43,11779.44 0 0
github.com/oskargbc/dws-event-service.git/prisma/db/db_gen.go:11780.43,11780.44 0 0
github.com/oskargbc/dws-event-service.git/prisma/db/db_gen.go:11784.19,11802.2 9 0
github.com/oskargbc/dws-event-service.git/prisma/db/db_gen.go:11804.76,11805.27 1 0
github.com/oskargbc/dws-event-service.git/prisma/db/db_gen.go:11805.27,11812.3 2 0
github.com/oskargbc/dws-event-service.git/prisma/db/db_gen.go:11814.2,11814.10 1 0
github.com/oskargbc/dws-event-service.git/prisma/db/db_gen.go:11817.78,11820.31 2 0
github.com/oskargbc/dws-event-service.git/prisma/db/db_gen.go:11820.31,11824.3 1 0
github.com/oskargbc/dws-event-service.git/prisma/db/db_gen.go:11826.2,11828.10 2 0
github.com/oskargbc/dws-event-service.git/prisma/db/db_gen.go:11831.76,11835.31 3 0
github.com/oskargbc/dws-event-service.git/prisma/db/db_gen.go:11835.31,11837.3 1 0
github.com/oskargbc/dws-event-service.git/prisma/db/db_gen.go:11839.2,11839.37 1 0
github.com/oskargbc/dws-event-service.git/prisma/db/db_gen.go:11839.37,11840.41 1 0
github.com/oskargbc/dws-event-service.git/prisma/db/db_gen.go:11840.41,11842.4 1 0
github.com/oskargbc/dws-event-service.git/prisma/db/db_gen.go:11845.2,11847.10 2 0
github.com/oskargbc/dws-event-service.git/prisma/db/db_gen.go:11853.3,11855.46 2 0
github.com/oskargbc/dws-event-service.git/prisma/db/db_gen.go:11855.46,11857.3 1 0
github.com/oskargbc/dws-event-service.git/prisma/db/db_gen.go:11859.2,11859.14 1 0
github.com/oskargbc/dws-event-service.git/prisma/db/db_gen.go:11859.14,11861.3 1 0
github.com/oskargbc/dws-event-service.git/prisma/db/db_gen.go:11863.2,11863.15 1 0
github.com/oskargbc/dws-event-service.git/prisma/db/db_gen.go:11869.3,11871.46 2 0
github.com/oskargbc/dws-event-service.git/prisma/db/db_gen.go:11871.46,11873.3 1 0
github.com/oskargbc/dws-event-service.git/prisma/db/db_gen.go:11875.2,11875.14 1 0
github.com/oskargbc/dws-event-service.git/prisma/db/db_gen.go:11875.14,11877.3 1 0
github.com/oskargbc/dws-event-service.git/prisma/db/db_gen.go:11879.2,11879.15 1 0
github.com/oskargbc/dws-event-service.git/prisma/db/db_gen.go:11882.76,11890.27 7 0
github.com/oskargbc/dws-event-service.git/prisma/db/db_gen.go:11890.27,11895.36 3 0
github.com/oskargbc/dws-event-service.git/prisma/db/db_gen.go:11895.36,11905.4 3 0
github.com/oskargbc/dws-event-service.git/prisma/db/db_gen.go:11907.3,11907.33 1 0
github.com/oskargbc/dws-event-service.git/prisma/db/db_gen.go:11909.2,11913.10 2 0
github.com/oskargbc/dws-event-service.git/prisma/db/db_gen.go:11920.57,11922.2 1 0
github.com/oskargbc/dws-event-service.git/prisma/db/db_gen.go:11924.42,11924.43 0 0
github.com/oskargbc/dws-event-service.git/prisma/db/db_gen.go:11926.75,11928.46 2 0
github.com/oskargbc/dws-event-service.git/prisma/db/db_gen.go:11928.46,11930.3 1 0
github.com/oskargbc/dws-event-service.git/prisma/db/db_gen.go:11931.2,11931.16 1 0
github.com/oskargbc/dws-event-service.git/prisma/db/db_gen.go:11934.53,11939.2 4 0
github.com/oskargbc/dws-event-service.git/prisma/db/db_gen.go:11941.53,11949.2 6 0
github.com/oskargbc/dws-event-service.git/prisma/db/db_gen.go:11955.57,11957.2 1 0
github.com/oskargbc/dws-event-service.git/prisma/db/db_gen.go:11959.42,11959.43 0 0
github.com/oskargbc/dws-event-service.git/prisma/db/db_gen.go:11961.75,11963.46 2 0
github.com/oskargbc/dws-event-service.git/prisma/db/db_gen.go:11963.46,11965.3 1 0
github.com/oskargbc/dws-event-service.git/prisma/db/db_gen.go:11966.2,11966.16 1 0
github.com/oskargbc/dws-event-service.git/prisma/db/db_gen.go:11969.53,11974.2 4 0
github.com/oskargbc/dws-event-service.git/prisma/db/db_gen.go:11980.50,11982.2 1 0
github.com/oskargbc/dws-event-service.git/prisma/db/db_gen.go:11984.54,11986.2 1 0
github.com/oskargbc/dws-event-service.git/prisma/db/db_gen.go:11988.42,11988.43 0 0
github.com/oskargbc/dws-event-service.git/prisma/db/db_gen.go:11989.42,11989.43 0 0
github.com/oskargbc/dws-event-service.git/prisma/db/db_gen.go:11990.42,11990.43 0 0
github.com/oskargbc/dws-event-service.git/prisma/db/db_gen.go:11994.18,12007.27 9 0
github.com/oskargbc/dws-event-service.git/prisma/db/db_gen.go:12007.27,12008.51 1 0
github.com/oskargbc/dws-event-service.git/prisma/db/db_gen.go:12008.51,12014.4 1 0
github.com/oskargbc/dws-event-service.git/prisma/db/db_gen.go:12014.9,12016.4 1 0
github.com/oskargbc/dws-event-service.git/prisma/db/db_gen.go:12019.2,12019.20 1 0
github.com/oskargbc/dws-event-service.git/prisma/db/db_gen.go:12019.20,12024.3 1 0
github.com/oskargbc/dws-event-service.git/prisma/db/db_gen.go:12026.2,12026.10 1 0
github.com/oskargbc/dws-event-service.git/prisma/db/db_gen.go:12029.74,12030.27 1 0
github.com/oskargbc/dws-event-service.git/prisma/db/db_gen.go:12030.27,12037.3 2 0
github.com/oskargbc/dws-event-service.git/prisma/db/db_gen.go:12039.2,12039.10 1 0
github.com/oskargbc/dws-event-service.git/prisma/db/db_gen.go:12042.76,12045.31 2 0
github.com/oskargbc/dws-event-service.git/prisma/db/db_gen.go:12045.31,12049.3 1 0
github.com/oskargbc/dws-event-service.git/prisma/db/db_gen.go:12051.2,12053.10 2 0
github.com/oskargbc/dws-event-service.git/prisma/db/db_gen.go:12056.74,12060.31 3 0
github.com/oskargbc/dws-event-service.git/prisma/db/db_gen.go:12060.31,12062.3 1 0
github.com/oskargbc/dws-event-service.git/prisma/db/db_gen.go:12064.2,12064.37 1 0
github.com/oskargbc/dws-event-service.git/prisma/db/db_gen.go:12064.37,12065.41 1 0
github.com/oskargbc/dws-event-service.git/prisma/db/db_gen.go:12065.41,12067.4 1 0
github.com/oskargbc/dws-event-service.git/prisma/db/db_gen.go:12070.2,12072.10 2 0
github.com/oskargbc/dws-event-service.git/prisma/db/db_gen.go:12075.77,12078.31 2 0
github.com/oskargbc/dws-event-service.git/prisma/db/db_gen.go:12078.31,12084.3 1 0
github.com/oskargbc/dws-event-service.git/prisma/db/db_gen.go:12086.2,12092.10 2 0
github.com/oskargbc/dws-event-service.git/prisma/db/db_gen.go:12095.56,12101.2 2 0
github.com/oskargbc/dws-event-service.git/prisma/db/db_gen.go:12103.56,12109.2 2 0
github.com/oskargbc/dws-event-service.git/prisma/db/db_gen.go:12111.72,12117.2 2 0
github.com/oskargbc/dws-event-service.git/prisma/db/db_gen.go:12122.3,12124.46 2 0
github.com/oskargbc/dws-event-service.git/prisma/db/db_gen.go:12124.46,12126.3 1 0
github.com/oskargbc/dws-event-service.git/prisma/db/db_gen.go:12128.2,12128.14 1 0
github.com/oskargbc/dws-event-service.git/prisma/db/db_gen.go:12128.14,12130.3 1 0
github.com/oskargbc/dws-event-service.git/prisma/db/db_gen.go:12132.2,12132.15 1 0
github.com/oskargbc/dws-event-service.git/prisma/db/db_gen.go:12138.3,12140.46 2 0
github.com/oskargbc/dws-event-service.git/prisma/db/db_gen.go:12140.46,12142.3 1 0
github.com/oskargbc/dws-event-service.git/prisma/db/db_gen.go:12144.2,12144.14 1 0
github.com/oskargbc/dws-event-service.git/prisma/db/db_gen.go:12144.14,12146.3 1 0
github.com/oskargbc/dws-event-service.git/prisma/db/db_gen.go:12148.2,12148.15 1 0
github.com/oskargbc/dws-event-service.git/prisma/db/db_gen.go:12155.49,12157.2 1 0
github.com/oskargbc/dws-event-service.git/prisma/db/db_gen.go:12159.53,12161.2 1 0
github.com/oskargbc/dws-event-service.git/prisma/db/db_gen.go:12163.41,12163.42 0 0
github.com/oskargbc/dws-event-service.git/prisma/db/db_gen.go:12164.41,12164.42 0 0
github.com/oskargbc/dws-event-service.git/prisma/db/db_gen.go:12165.41,12165.42 0 0
github.com/oskargbc/dws-event-service.git/prisma/db/db_gen.go:12169.17,12182.27 9 0
github.com/oskargbc/dws-event-service.git/prisma/db/db_gen.go:12182.27,12183.51 1 0
github.com/oskargbc/dws-event-service.git/prisma/db/db_gen.go:12183.51,12189.4 1 0
github.com/oskargbc/dws-event-service.git/prisma/db/db_gen.go:12189.9,12191.4 1 0
github.com/oskargbc/dws-event-service.git/prisma/db/db_gen.go:12194.2,12194.20 1 0
github.com/oskargbc/dws-event-service.git/prisma/db/db_gen.go:12194.20,12199.3 1 0
github.com/oskargbc/dws-event-service.git/prisma/db/db_gen.go:12201.2,12201.10 1 0
github.com/oskargbc/dws-event-service.git/prisma/db/db_gen.go:12204.72,12205.27 1 0
github.com/oskargbc/dws-event-service.git/prisma/db/db_gen.go:12205.27,12212.3 2 0
github.com/oskargbc/dws-event-service.git/prisma/db/db_gen.go:12214.2,12214.10 1 0
github.com/oskargbc/dws-event-service.git/prisma/db/db_gen.go:12217.74,12220.31 2 0
github.com/oskargbc/dws-event-service.git/prisma/db/db_gen.go:12220.31,12224.3 1 0
github.com/oskargbc/dws-event-service.git/prisma/db/db_gen.go:12226.2,12228.10 2 0
github.com/oskargbc/dws-event-service.git/prisma/db/db_gen.go:12231.72,12235.31 3 0
github.com/oskargbc/dws-event-service.git/prisma/db/db_gen.go:12235.31,12237.3 1 0
github.com/oskargbc/dws-event-service.git/prisma/db/db_gen.go:12239.2,12239.37 1 0
github.com/oskargbc/dws-event-service.git/prisma/db/db_gen.go:12239.37,12240.41 1 0
github.com/oskargbc/dws-event-service.git/prisma/db/db_gen.go:12240.41,12242.4 1 0
github.com/oskargbc/dws-event-service.git/prisma/db/db_gen.go:12245.2,12247.10 2 0
github.com/oskargbc/dws-event-service.git/prisma/db/db_gen.go:12250.75,12253.31 2 0
github.com/oskargbc/dws-event-service.git/prisma/db/db_gen.go:12253.31,12259.3 1 0
github.com/oskargbc/dws-event-service.git/prisma/db/db_gen.go:12261.2,12267.10 2 0
github.com/oskargbc/dws-event-service.git/prisma/db/db_gen.go:12270.54,12276.2 2 0
github.com/oskargbc/dws-event-service.git/prisma/db/db_gen.go:12278.54,12284.2 2 0
github.com/oskargbc/dws-event-service.git/prisma/db/db_gen.go:12286.70,12292.2 2 0
github.com/oskargbc/dws-event-service.git/prisma/db/db_gen.go:12297.3,12299.46 2 0
github.com/oskargbc/dws-event-service.git/prisma/db/db_gen.go:12299.46,12301.3 1 0
github.com/oskargbc/dws-event-service.git/prisma/db/db_gen.go:12303.2,12303.15 1 0
github.com/oskargbc/dws-event-service.git/prisma/db/db_gen.go:12309.3,12311.46 2 0
github.com/oskargbc/dws-event-service.git/prisma/db/db_gen.go:12311.46,12313.3 1 0
github.com/oskargbc/dws-event-service.git/prisma/db/db_gen.go:12315.2,12315.15 1 0
github.com/oskargbc/dws-event-service.git/prisma/db/db_gen.go:12318.72,12328.27 8 0
github.com/oskargbc/dws-event-service.git/prisma/db/db_gen.go:12328.27,12333.36 3 0
github.com/oskargbc/dws-event-service.git/prisma/db/db_gen.go:12333.36,12343.4 3 0
github.com/oskargbc/dws-event-service.git/prisma/db/db_gen.go:12345.3,12345.33 1 0
github.com/oskargbc/dws-event-service.git/prisma/db/db_gen.go:12347.2,12351.10 2 0
github.com/oskargbc/dws-event-service.git/prisma/db/db_gen.go:12358.55,12360.2 1 0
github.com/oskargbc/dws-event-service.git/prisma/db/db_gen.go:12362.40,12362.41 0 0
github.com/oskargbc/dws-event-service.git/prisma/db/db_gen.go:12364.74,12366.46 2 0
github.com/oskargbc/dws-event-service.git/prisma/db/db_gen.go:12366.46,12368.3 1 0
github.com/oskargbc/dws-event-service.git/prisma/db/db_gen.go:12369.2,12369.16 1 0
github.com/oskargbc/dws-event-service.git/prisma/db/db_gen.go:12372.49,12377.2 4 0
github.com/oskargbc/dws-event-service.git/prisma/db/db_gen.go:12379.49,12389.2 7 0
github.com/oskargbc/dws-event-service.git/prisma/db/db_gen.go:12395.55,12397.2 1 0
github.com/oskargbc/dws-event-service.git/prisma/db/db_gen.go:12399.40,12399.41 0 0
github.com/oskargbc/dws-event-service.git/prisma/db/db_gen.go:12401.74,12403.46 2 0
github.com/oskargbc/dws-event-service.git/prisma/db/db_gen.go:12403.46,12405.3 1 0
github.com/oskargbc/dws-event-service.git/prisma/db/db_gen.go:12406.2,12406.16 1 0
github.com/oskargbc/dws-event-service.git/prisma/db/db_gen.go:12409.49,12414.2 4 0
github.com/oskargbc/dws-event-service.git/prisma/db/db_gen.go:12418.59,12422.2 1 0
github.com/oskargbc/dws-event-service.git/prisma/db/db_gen.go:12429.63,12431.2 1 0
github.com/oskargbc/dws-event-service.git/prisma/db/db_gen.go:12433.42,12433.43 0 0
github.com/oskargbc/dws-event-service.git/prisma/db/db_gen.go:12435.63,12436.59 1 0
github.com/oskargbc/dws-event-service.git/prisma/db/db_gen.go:12436.59,12437.13 1 0
github.com/oskargbc/dws-event-service.git/prisma/db/db_gen.go:12439.2,12439.10 1 0
github.com/oskargbc/dws-event-service.git/prisma/db/db_gen.go:12442.55,12446.2 1 0
github.com/oskargbc/dws-event-service.git/prisma/db/db_gen.go:12453.61,12455.2 1 0
github.com/oskargbc/dws-event-service.git/prisma/db/db_gen.go:12457.40,12457.41 0 0
github.com/oskargbc/dws-event-service.git/prisma/db/db_gen.go:12459.58,12460.59 1 0
github.com/oskargbc/dws-event-service.git/prisma/db/db_gen.go:12460.59,12461.13 1 0
github.com/oskargbc/dws-event-service.git/prisma/db/db_gen.go:12463.2,12463.10 1 0
github.com/oskargbc/dws-event-service.git/prisma/db/db_gen.go:12466.51,12470.2 1 0
github.com/oskargbc/dws-event-service.git/prisma/db/db_gen.go:12477.59,12479.2 1 0
github.com/oskargbc/dws-event-service.git/prisma/db/db_gen.go:12481.38,12481.39 0 0
github.com/oskargbc/dws-event-service.git/prisma/db/db_gen.go:12483.55,12484.59 1 0
github.com/oskargbc/dws-event-service.git/prisma/db/db_gen.go:12484.59,12485.13 1 0
github.com/oskargbc/dws-event-service.git/prisma/db/db_gen.go:12487.2,12487.10 1 0
github.com/oskargbc/dws-event-service.git/prisma/db/db_gen.go:12490.47,12494.2 1 0
github.com/oskargbc/dws-event-service.git/prisma/db/db_gen.go:12501.57,12503.2 1 0
github.com/oskargbc/dws-event-service.git/prisma/db/db_gen.go:12505.36,12505.37 0 0
github.com/oskargbc/dws-event-service.git/prisma/db/db_gen.go:12507.54,12508.59 1 0
github.com/oskargbc/dws-event-service.git/prisma/db/db_gen.go:12508.59,12509.13 1 0
github.com/oskargbc/dws-event-service.git/prisma/db/db_gen.go:12511.2,12511.10 1 0
github.com/oskargbc/dws-event-service.git/prisma/db/db_gen.go:12520.54,12522.2 1 0
github.com/oskargbc/dws-event-service.git/prisma/db/db_gen.go:12524.58,12526.2 1 0
github.com/oskargbc/dws-event-service.git/prisma/db/db_gen.go:12528.50,12528.51 0 0
github.com/oskargbc/dws-event-service.git/prisma/db/db_gen.go:12529.50,12529.51 0 0
github.com/oskargbc/dws-event-service.git/prisma/db/db_gen.go:12530.50,12530.51 0 0
github.com/oskargbc/dws-event-service.git/prisma/db/db_gen.go:12534.22,12550.2 9 0
github.com/oskargbc/dws-event-service.git/prisma/db/db_gen.go:12559.22,12568.29 7 0
github.com/oskargbc/dws-event-service.git/prisma/db/db_gen.go:12568.29,12570.3 1 0
github.com/oskargbc/dws-event-service.git/prisma/db/db_gen.go:12572.2,12577.10 2 0
github.com/oskargbc/dws-event-service.git/prisma/db/db_gen.go:12582.22,12587.27 4 0
github.com/oskargbc/dws-event-service.git/prisma/db/db_gen.go:12587.27,12592.36 3 0
github.com/oskargbc/dws-event-service.git/prisma/db/db_gen.go:12592.36,12602.4 3 0
github.com/oskargbc/dws-event-service.git/prisma/db/db_gen.go:12604.3,12604.33 1 0
github.com/oskargbc/dws-event-service.git/prisma/db/db_gen.go:12607.2,12612.10 2 0
github.com/oskargbc/dws-event-service.git/prisma/db/db_gen.go:12615.80,12617.46 2 0
github.com/oskargbc/dws-event-service.git/prisma/db/db_gen.go:12617.46,12619.3 1 0
github.com/oskargbc/dws-event-service.git/prisma/db/db_gen.go:12620.2,12620.16 1 0
github.com/oskargbc/dws-event-service.git/prisma/db/db_gen.go:12623.58,12628.2 4 0
github.com/oskargbc/dws-event-service.git/prisma/db/db_gen.go:12634.50,12636.2 1 0
github.com/oskargbc/dws-event-service.git/prisma/db/db_gen.go:12638.54,12640.2 1 0
github.com/oskargbc/dws-event-service.git/prisma/db/db_gen.go:12642.42,12642.43 0 0
github.com/oskargbc/dws-event-service.git/prisma/db/db_gen.go:12643.42,12643.43 0 0
github.com/oskargbc/dws-event-service.git/prisma/db/db_gen.go:12644.42,12644.43 0 0
github.com/oskargbc/dws-event-service.git/prisma/db/db_gen.go:12648.18,12664.2 9 0
github.com/oskargbc/dws-event-service.git/prisma/db/db_gen.go:12681.18,12698.29 15 0
github.com/oskargbc/dws-event-service.git/prisma/db/db_gen.go:12698.29,12700.3 1 0
github.com/oskargbc/dws-event-service.git/prisma/db/db_gen.go:12702.2,12707.10 2 0
github.com/oskargbc/dws-event-service.git/prisma/db/db_gen.go:12712.18,12717.27 4 0
github.com/oskargbc/dws-event-service.git/prisma/db/db_gen.go:12717.27,12722.36 3 0
github.com/oskargbc/dws-event-service.git/prisma/db/db_gen.go:12722.36,12732.4 3 0
github.com/oskargbc/dws-event-service.git/prisma/db/db_gen.go:12734.3,12734.33 1 0
github.com/oskargbc/dws-event-service.git/prisma/db/db_gen.go:12737.2,12742.10 2 0
github.com/oskargbc/dws-event-service.git/prisma/db/db_gen.go:12745.72,12747.46 2 0
github.com/oskargbc/dws-event-service.git/prisma/db/db_gen.go:12747.46,12749.3 1 0
github.com/oskargbc/dws-event-service.git/prisma/db/db_gen.go:12750.2,12750.16 1 0
github.com/oskargbc/dws-event-service.git/prisma/db/db_gen.go:12753.50,12758.2 4 0
github.com/oskargbc/dws-event-service.git/prisma/db/query-engine-debian-openssl-3.0.x_gen.go:12.13,14.2 1 1
